-1 -1 -1 -1 -1 -1 -1 -1 -1 -1 -1 -1 -1 -1 -1 -1 -1 -1 -1 -1 -1 -1 -1 -1 -1 -1 -1 -1 -1 -1 -1 -1 
-1 -1 -1 -1 -1 -1 -1 -1 -1 -1 -1 -1 -1 -1 -1 -1 -1 -1 -1 -1 -1 -1 -1 -1 -1 -1 -1 -1 -1 -1 -1 -1 
-1 -1 -1 -1 -1 -1 -1 -1 -1 -1 -1 -1 -1 -1 -1 -1 -1 -1 -1 -1 -1 -1 -1 -1 -1 -1 -1 -1 -1 -1 -1 -1 
-1 -1 -1 -1 -1 -1 -1 -1 -1 -1 -1 -1 -1 -1 -1 -1 -1 -1 -1 -1 -1 -1 -1 -1 -1 -1 -1 -1 -1 -1 -1 -1 
-1 -1 -1 -1 -1 -1 -1 -1 -1 -1 -1 -1 -1 -1 -1 -1 -1 -1 -1 -0.937255 -0.0823529 0.992157 0.72549 -0.301961 -1 -1 -1 -1 -1 -1 -1 -1 
-1 -1 -1 -1 -1 -1 -1 -1 -1 -1 -1 -1 -1 -1 -1 -1 -1 -0.898039 -0.254902 0.662745 0.984314 0.984314 0.984314 0.231373 -1 -1 -1 -1 -1 -1 -1 -1 
-1 -1 -1 -1 -1 -1 -1 -1 -1 -1 -1 -1 -1 -1 -1 -0.87451 -0.254902 0.639216 0.984314 0.984314 0.984314 0.921569 -0.0196078 -0.858824 -1 -1 -1 -1 -1 -1 -1 -1 
-1 -1 -1 -1 -1 -1 -1 -1 -1 -1 -1 -1 -1 -0.686275 -0.247059 0.615686 0.984314 0.992157 0.984314 0.984314 0.552941 -0.498039 -1 -1 -1 -1 -1 -1 -1 -1 -1 -1 
-1 -1 -1 -1 -1 -1 -1 -1 -1 -1 -1 -0.654902 0.427451 0.882353 0.984314 0.984314 0.984314 0.992157 0.984314 0.552941 -0.811765 -1 -1 -1 -1 -1 -1 -1 -1 -1 -1 -1 
-1 -1 -1 -1 -1 -1 -1 -1 -1 -1 -1 -0.882353 -0.529412 -0.529412 0.317647 0.984314 0.984314 0.992157 0.568627 -0.819608 -1 -1 -1 -1 -1 -1 -1 -1 -1 -1 -1 -1 
-1 -1 -1 -1 -1 -1 -1 -1 -1 -1 -1 -1 -1 -0.45098 0.937255 0.984314 0.984314 0.921569 -0.835294 -1 -1 -1 -1 -1 -1 -1 -1 -1 -1 -1 -1 -1 
-1 -1 -1 -1 -1 -1 -1 -1 -1 -1 -1 -1 -0.411765 0.623529 0.984314 0.984314 0.623529 -0.278431 -1 -1 -1 -1 -1 -1 -1 -1 -1 -1 -1 -1 -1 -1 
-1 -1 -1 -1 -1 -1 -1 -1 -1 -1 -1 -0.380392 0.717647 0.984314 0.984314 0.984314 0.0823529 -1 -1 -1 -1 -1 -1 -1 -1 -1 -1 -1 -1 -1 -1 -1 
-1 -1 -1 -1 -1 -1 -1 -1 -1 -1 -0.176471 0.960784 0.984314 0.984314 0.984314 -0.733333 -0.992157 -1 -1 -1 -1 -1 -1 -1 -1 -1 -1 -1 -1 -1 -1 -1 
-1 -1 -1 -1 -1 -1 -1 -1 -1 -0.254902 0.992157 0.992157 0.992157 0.992157 -0.262745 -1 -1 -1 -1 -1 -0.976471 -0.898039 -0.898039 -0.898039 -0.937255 -1 -1 -1 -1 -1 -1 -1 
-1 -1 -1 -1 -1 -1 -1 -1 -1 -0.160784 0.984314 0.984314 0.984314 0.6 -0.882353 -1 -1 -1 -1 -0.835294 0.301961 0.984314 0.984314 0.984314 0.662745 -0.803922 -1 -1 -1 -1 -1 -1 
-1 -1 -1 -1 -1 -1 -1 -1 -0.741176 0.701961 0.984314 0.984314 0.0352941 -0.498039 -1 -1 -0.858824 -0.662745 0.231373 0.341176 0.984314 0.984314 0.984314 0.984314 0.984314 0.254902 -0.984314 -1 -1 -1 -1 -1 
-1 -1 -1 -1 -1 -1 -1 -0.976471 0.301961 0.984314 0.984314 0.898039 -0.615686 -0.866667 -0.615686 0.239216 0.647059 0.992157 0.984314 0.984314 0.984314 0.984314 0.984314 0.984314 0.984314 0.984314 -0.913725 -1 -1 -1 -1 -1 
-1 -1 -1 -1 -1 -1 -1 -0.921569 0.780392 0.984314 0.984314 0.623529 -0.882353 0.34902 0.984314 0.984314 0.984314 0.992157 0.937255 0.576471 0.984314 0.647059 0.647059 0.984314 0.984314 0.372549 -0.968627 -1 -1 -1 -1 -1 
-1 -1 -1 -1 -1 -1 -1 -0.921569 0.788235 0.984314 0.984314 0.756863 -0.317647 0.898039 0.984314 0.984314 0.443137 -0.529412 -0.576471 -0.929412 -0.529412 -0.72549 0.427451 0.984314 0.984314 -0.592157 -1 -1 -1 -1 -1 -1 
-1 -1 -1 -1 -1 -1 -1 -0.898039 0.984314 0.984314 0.984314 0.984314 0.811765 0.984314 0.984314 0.984314 -0.270588 -0.32549 -0.32549 -0.32549 -0.145098 0.701961 0.984314 0.984314 0.0509804 -0.960784 -1 -1 -1 -1 -1 -1 
-1 -1 -1 -1 -1 -1 -1 -0.984314 -0.0980392 0.984314 0.984314 0.984314 0.984314 0.984314 0.984314 0.984314 0.984314 0.992157 0.984314 0.984314 0.984314 0.984314 0.984314 0.0509804 -0.960784 -1 -1 -1 -1 -1 -1 -1 
-1 -1 -1 -1 -1 -1 -1 -1 -0.976471 0.301961 0.984314 0.984314 0.984314 0.984314 0.984314 0.984314 0.984314 0.992157 0.984314 0.984314 0.984314 0.372549 -0.592157 -0.960784 -1 -1 -1 -1 -1 -1 -1 -1 
-1 -1 -1 -1 -1 -1 -1 -1 -1 -0.945098 -0.72549 0.0352941 0.764706 0.984314 0.984314 0.984314 0.529412 0.0352941 0.0352941 0.0352941 -0.137255 -0.968627 -1 -1 -1 -1 -1 -1 -1 -1 -1 -1 
-1 -1 -1 -1 -1 -1 -1 -1 -1 -1 -1 -1 -1 -1 -1 -1 -1 -1 -1 -1 -1 -1 -1 -1 -1 -1 -1 -1 -1 -1 -1 -1 
-1 -1 -1 -1 -1 -1 -1 -1 -1 -1 -1 -1 -1 -1 -1 -1 -1 -1 -1 -1 -1 -1 -1 -1 -1 -1 -1 -1 -1 -1 -1 -1 
-1 -1 -1 -1 -1 -1 -1 -1 -1 -1 -1 -1 -1 -1 -1 -1 -1 -1 -1 -1 -1 -1 -1 -1 -1 -1 -1 -1 -1 -1 -1 -1 
-1 -1 -1 -1 -1 -1 -1 -1 -1 -1 -1 -1 -1 -1 -1 -1 -1 -1 -1 -1 -1 -1 -1 -1 -1 -1 -1 -1 -1 -1 -1 -1 
-1 -1 -1 -1 -1 -1 -1 -1 -1 -1 -1 -1 -1 -1 -1 -1 -1 -1 -1 -1 -1 -1 -1 -1 -1 -1 -1 -1 -1 -1 -1 -1 
-1 -1 -1 -1 -1 -1 -1 -1 -1 -1 -1 -1 -1 -1 -1 -1 -1 -1 -1 -1 -1 -1 -1 -1 -1 -1 -1 -1 -1 -1 -1 -1 
-1 -1 -1 -1 -1 -1 -1 -1 -1 -1 -1 -1 -1 -1 -1 -1 -1 -1 -1 -1 -1 -1 -1 -1 -1 -1 -1 -1 -1 -1 -1 -1 
-1 -1 -1 -1 -1 -1 -1 -1 -1 -1 -1 -1 -1 -1 -1 -1 -1 -1 -1 -1 -1 -1 -1 -1 -1 -1 -1 -1 -1 -1 -1 -1 

-0.668486 -0.668486 -0.668486 -0.668486 -0.668486 -0.668486 -0.668486 -0.668486 -0.668486 -0.668486 -0.668486 -0.668486 -0.668486 -0.668486 -0.668486 -0.683005 -0.837664 -0.953609 -0.967276 -0.941393 -0.927096 -0.937211 -0.893572 -0.768813 -0.668486 -0.668486 -0.668486 -0.668486 
-0.668486 -0.668486 -0.668486 -0.668486 -0.668486 -0.668486 -0.668486 -0.668486 -0.668486 -0.668486 -0.668486 -0.668486 -0.668486 -0.691815 -0.817363 -0.934519 -0.969703 -0.973494 -0.954035 -0.832149 -0.539076 -0.728681 -0.873885 -0.815855 -0.668486 -0.668486 -0.668486 -0.668486 
-0.668486 -0.668486 -0.668486 -0.668486 -0.668486 -0.668486 -0.668486 -0.668486 -0.668486 -0.668486 -0.668486 -0.697004 -0.819152 -0.933455 -0.968938 -0.974099 -0.95896 -0.822546 0.179341 0.86448 0.893321 0.473855 -0.368381 -0.640002 -0.668486 -0.668486 -0.668486 -0.668486 
-0.668486 -0.668486 -0.668486 -0.668486 -0.668486 -0.668486 -0.668486 -0.668486 -0.668486 -0.735968 -0.833924 -0.933423 -0.970191 -0.97636 -0.958535 -0.854636 -0.23509 0.841788 0.994185 0.999011 0.994308 0.796639 -0.233799 -0.681546 -0.668486 -0.668486 -0.668486 -0.668486 
-0.668486 -0.668486 -0.668486 -0.668486 -0.668486 -0.668486 -0.668486 -0.742033 -0.904313 -0.960936 -0.973321 -0.977924 -0.971424 -0.874895 -0.390346 0.570884 0.970184 0.995407 0.99707 0.992328 0.93439 -0.255815 -0.884008 -0.845932 -0.668486 -0.668486 -0.668486 -0.668486 
-0.668486 -0.668486 -0.668486 -0.668486 -0.668486 -0.668486 -0.668486 -0.69869 -0.759308 -0.600191 -0.252978 -0.0197131 0.447199 0.778125 0.929621 0.992338 0.997922 0.993454 0.920567 0.555501 -0.437351 -0.914142 -0.940087 -0.867424 -0.668486 -0.668486 -0.668486 -0.668486 
-0.668486 -0.668486 -0.668486 -0.668486 -0.668486 -0.668486 -0.668486 -0.657961 -0.519137 -0.168901 -0.0773499 0.519691 0.909073 0.971449 0.995132 0.997719 0.986316 0.738881 0.189401 -0.776599 -0.93529 -0.931966 -0.835912 -0.698776 -0.668486 -0.668486 -0.668486 -0.668486 
-0.668486 -0.668486 -0.668486 -0.668486 -0.668486 -0.668486 -0.668486 -0.671427 -0.740844 -0.78094 -0.497948 0.464284 0.914889 0.983814 0.994921 0.980944 0.773521 0.0864147 -0.838961 -0.945628 -0.900239 -0.765897 -0.668486 -0.668486 -0.668486 -0.668486 -0.668486 -0.668486 
-0.668486 -0.668486 -0.668486 -0.668486 -0.668486 -0.668486 -0.668486 -0.831425 -0.972169 -0.97931 -0.905412 -0.384772 0.636251 0.981481 0.979435 0.812585 0.332544 -0.838208 -0.947028 -0.898226 -0.708354 -0.668486 -0.668486 -0.668486 -0.668486 -0.668486 -0.668486 -0.668486 
-0.668486 -0.668486 -0.668486 -0.668486 -0.668486 -0.668486 -0.820637 -0.954871 -0.973704 -0.911342 -0.707189 0.749031 0.994119 0.996415 0.965288 0.721759 -0.731784 -0.949667 -0.899008 -0.706776 -0.668486 -0.668486 -0.668486 -0.668486 -0.668486 -0.668486 -0.668486 -0.668486 
-0.668486 -0.668486 -0.668486 -0.668486 -0.668486 -0.809425 -0.951156 -0.96269 -0.850711 -0.409452 0.661808 0.994053 0.997226 0.958068 0.679389 -0.521423 -0.930187 -0.93901 -0.736239 -0.707815 -0.709374 -0.703252 -0.695073 -0.690448 -0.678767 -0.668486 -0.668486 -0.668486 
-0.668486 -0.668486 -0.668486 -0.668486 -0.668486 -0.827375 -0.933731 -0.772136 0.111687 0.789838 0.992488 0.997217 0.951559 0.577429 -0.512681 -0.93471 -0.976528 -0.977915 -0.97371 -0.982962 -0.990502 -0.974836 -0.94453 -0.930438 -0.87066 -0.699758 -0.668486 -0.668486 
-0.668486 -0.668486 -0.668486 -0.668486 -0.725064 -0.915927 -0.914019 -0.451279 0.868953 0.994693 0.998006 0.983553 0.643722 -0.765231 -0.983478 -0.988293 -0.987549 -0.973367 -0.937635 -0.839022 -0.819163 -0.697133 -0.563172 -0.819226 -0.901074 -0.826735 -0.67108 -0.668486 
-0.668486 -0.668486 -0.668486 -0.673992 -0.879358 -0.957164 -0.899988 0.163008 0.984134 0.997122 0.97072 0.504201 -0.845387 -0.994627 -0.997185 -0.987017 -0.962046 -0.815761 -0.138199 0.581962 0.760993 0.67294 0.673913 0.108315 -0.825449 -0.872737 -0.682158 -0.668486 
-0.668486 -0.668486 -0.668486 -0.686792 -0.919984 -0.957487 -0.693599 0.785466 0.993468 0.960089 0.00487812 -0.887201 -0.98421 -0.993384 -0.936351 -0.450825 -0.10441 0.720223 0.971102 0.993693 0.992481 0.994705 0.992234 0.792983 -0.562294 -0.788818 -0.671 -0.668486 
-0.668486 -0.668486 -0.668486 -0.686591 -0.909974 -0.879895 0.116453 0.97076 0.993243 0.708728 -0.784891 -0.945595 -0.751823 0.0393366 0.925484 0.987425 0.994546 0.998022 0.99799 0.994752 0.978334 0.996314 0.993972 0.706134 -0.667475 -0.747564 -0.666472 -0.668486 
-0.668486 -0.668486 -0.668486 -0.690548 -0.933614 -0.843368 0.750255 0.987707 0.97983 0.3368 -0.728776 -0.801393 0.798525 0.985367 0.986649 0.979813 0.955518 0.862964 0.471075 0.535335 0.827415 0.982634 0.990725 0.68963 -0.721252 -0.898639 -0.677217 -0.668486 
-0.668486 -0.668486 -0.668486 -0.676508 -0.915025 -0.649362 0.897098 0.994107 0.981094 0.543411 -0.0816738 0.200632 0.966704 0.92904 0.373478 -0.642595 -0.928975 -0.954513 -0.922589 -0.203444 0.833856 0.972333 0.96133 0.314757 -0.859261 -0.94238 -0.68941 -0.668486 
-0.668486 -0.668486 -0.668486 -0.681236 -0.864711 -0.384514 0.831796 0.994594 0.990876 0.795049 0.413621 0.820992 0.976457 0.7557 -0.113532 -0.806494 -0.928546 -0.800708 -0.101544 0.763914 0.960306 0.983901 0.892635 -0.578281 -0.940516 -0.888129 -0.675421 -0.668486 
-0.668486 -0.668486 -0.668486 -0.68434 -0.883356 -0.387775 0.900124 0.9934 0.993185 0.97205 0.956758 0.943552 0.983619 0.970678 0.890067 0.861165 0.947547 0.99354 0.993972 0.995583 0.984984 0.963218 -0.0445182 -0.918434 -0.940796 -0.751964 -0.668486 -0.668486 
-0.668486 -0.668486 -0.668486 -0.687399 -0.904378 -0.777194 0.289763 0.925263 0.960596 0.989157 0.996913 0.998403 0.999505 0.999196 0.998389 0.997023 0.99838 0.996863 0.990707 0.945053 0.754963 -0.379333 -0.920159 -0.942872 -0.844849 -0.677137 -0.668486 -0.668486 
-0.668486 -0.668486 -0.668486 -0.671406 -0.80476 -0.891319 -0.74602 0.0376246 0.616537 0.684879 0.862263 0.930271 0.94121 0.914234 0.850729 0.749878 0.638649 0.559392 0.15915 -0.34076 -0.826346 -0.93466 -0.933132 -0.844849 -0.677137 -0.668486 -0.668486 -0.668486 
-0.668486 -0.668486 -0.668486 -0.668486 -0.672858 -0.847569 -0.873503 -0.830779 -0.730123 -0.686078 -0.477256 -0.317488 -0.341025 -0.445955 -0.686909 -0.838214 -0.852746 -0.766026 -0.776377 -0.90839 -0.940032 -0.880176 -0.750273 -0.677137 -0.668486 -0.668486 -0.668486 -0.668486 
-0.668486 -0.668486 -0.668486 -0.668486 -0.668486 -0.678616 -0.714045 -0.810845 -0.86108 -0.863856 -0.88054 -0.935504 -0.951536 -0.948193 -0.95398 -0.953985 -0.924293 -0.819241 -0.842423 -0.848438 -0.819961 -0.675421 -0.668486 -0.668486 -0.668486 -0.668486 -0.668486 -0.668486 
-0.668486 -0.668486 -0.668486 -0.668486 -0.668486 -0.668486 -0.668486 -0.668486 -0.668486 -0.668486 -0.668486 -0.668486 -0.668486 -0.668486 -0.668486 -0.668486 -0.668486 -0.668486 -0.668486 -0.668486 -0.668486 -0.668486 -0.668486 -0.668486 -0.668486 -0.668486 -0.668486 -0.668486 
-0.668486 -0.668486 -0.668486 -0.668486 -0.668486 -0.668486 -0.668486 -0.668486 -0.668486 -0.668486 -0.668486 -0.668486 -0.668486 -0.668486 -0.668486 -0.668486 -0.668486 -0.668486 -0.668486 -0.668486 -0.668486 -0.668486 -0.668486 -0.668486 -0.668486 -0.668486 -0.668486 -0.668486 
-0.668486 -0.668486 -0.668486 -0.668486 -0.668486 -0.668486 -0.668486 -0.668486 -0.668486 -0.668486 -0.668486 -0.668486 -0.668486 -0.668486 -0.668486 -0.668486 -0.668486 -0.668486 -0.668486 -0.668486 -0.668486 -0.668486 -0.668486 -0.668486 -0.668486 -0.668486 -0.668486 -0.668486 
-0.668486 -0.668486 -0.668486 -0.668486 -0.668486 -0.668486 -0.668486 -0.668486 -0.668486 -0.668486 -0.668486 -0.668486 -0.668486 -0.668486 -0.668486 -0.668486 -0.668486 -0.668486 -0.668486 -0.668486 -0.668486 -0.668486 -0.668486 -0.668486 -0.668486 -0.668486 -0.668486 -0.668486 

-0.273551 -0.273551 -0.273551 -0.273551 -0.273551 -0.273551 -0.273551 -0.273551 -0.273551 -0.273551 -0.273551 -0.273551 -0.273551 -0.273551 -0.273551 -0.259213 -0.0371197 0.452949 0.761632 0.864563 0.85271 0.656198 0.167371 -0.20189 -0.273551 -0.273551 -0.273551 -0.273551 
-0.273551 -0.273551 -0.273551 -0.273551 -0.273551 -0.273551 -0.273551 -0.273551 -0.273551 -0.273551 -0.273551 -0.273551 -0.273551 -0.250192 -0.0683275 0.36361 0.805169 0.970669 0.994501 0.995685 0.988287 0.957148 0.733766 0.0336555 -0.273551 -0.273551 -0.273551 -0.273551 
-0.273551 -0.273551 -0.273551 -0.273551 -0.273551 -0.273551 -0.273551 -0.273551 -0.273551 -0.273551 -0.273551 -0.244759 -0.0616677 0.370638 0.79767 0.965653 0.995457 0.998228 0.995787 0.97405 0.844049 0.617946 0.362509 0.0688915 -0.273551 -0.273551 -0.273551 -0.273551 
-0.273551 -0.273551 -0.273551 -0.273551 -0.273551 -0.273551 -0.273551 -0.273551 -0.273551 -0.200762 -0.00631148 0.41739 0.822073 0.967358 0.994958 0.99821 0.997098 0.978574 0.616441 -0.525939 -0.716229 -0.30193 -0.112852 -0.130363 -0.273551 -0.273551 -0.273551 -0.273551 
-0.273551 -0.273551 -0.273551 -0.273551 -0.273551 -0.273551 -0.273551 -0.193345 0.166947 0.632113 0.902703 0.984224 0.996519 0.998417 0.99771 0.991401 0.825481 -0.665712 -0.988304 -0.994187 -0.929712 -0.246848 0.274468 -0.0542106 -0.273551 -0.273551 -0.273551 -0.273551 
-0.273551 -0.273551 -0.273551 -0.273551 -0.273551 -0.273551 -0.273551 -0.187254 0.194237 0.638835 0.89508 0.979331 0.989162 0.985928 0.933096 0.203745 -0.887739 -0.989341 -0.99437 -0.977495 -0.74525 0.148149 0.255011 -0.131967 -0.273551 -0.273551 -0.273551 -0.273551 
-0.273551 -0.273551 -0.273551 -0.273551 -0.273551 -0.273551 -0.273551 -0.192537 -0.0157379 -0.154512 -0.0087075 0.0942249 0.295648 0.209667 -0.465966 -0.898235 -0.981119 -0.985485 -0.943197 -0.525037 0.128761 0.109299 -0.151578 -0.259613 -0.273551 -0.273551 -0.273551 -0.273551 
-0.273551 -0.273551 -0.273551 -0.273551 -0.273551 -0.273551 -0.273551 -0.297186 -0.365716 -0.520233 -0.347376 -0.205614 -0.183859 -0.504361 -0.830758 -0.969083 -0.968451 -0.84714 -0.131076 0.244844 -0.00846364 -0.223508 -0.273551 -0.273551 -0.273551 -0.273551 -0.273551 -0.273551 
-0.273551 -0.273551 -0.273551 -0.273551 -0.273551 -0.273551 -0.273551 -0.229943 -0.190158 -0.0433454 0.336757 0.420173 0.014681 -0.753629 -0.959313 -0.956054 -0.844902 0.162207 0.326306 -0.0620862 -0.254942 -0.273551 -0.273551 -0.273551 -0.273551 -0.273551 -0.273551 -0.273551 
-0.273551 -0.273551 -0.273551 -0.273551 -0.273551 -0.273551 -0.0779647 0.47536 0.880621 0.973515 0.963588 0.469537 -0.858487 -0.978153 -0.9834 -0.866191 0.0930367 0.379493 -0.0636291 -0.255721 -0.273551 -0.273551 -0.273551 -0.273551 -0.273551 -0.273551 -0.273551 -0.273551 
-0.273551 -0.273551 -0.273551 -0.273551 -0.273551 -0.0971091 0.51516 0.926102 0.988659 0.988634 0.818041 -0.7526 -0.98538 -0.991869 -0.942754 -0.477264 0.431605 0.0701747 -0.19958 -0.186003 -0.164358 -0.181859 -0.209961 -0.241216 -0.26722 -0.273551 -0.273551 -0.273551 
-0.273551 -0.273551 -0.273551 -0.273551 -0.273551 0.0601079 0.80474 0.959064 0.957338 0.813466 -0.532839 -0.974333 -0.973641 -0.934983 -0.38037 0.312989 0.47432 0.620145 0.849665 0.957505 0.976922 0.951578 0.853724 0.57214 -0.00992645 -0.253689 -0.273551 -0.273551 
-0.273551 -0.273551 -0.273551 -0.273551 -0.213687 0.463857 0.86564 0.835315 0.305074 -0.752129 -0.959403 -0.974218 -0.91047 -0.112803 0.601734 0.763808 0.900945 0.981081 0.994952 0.99832 0.999192 0.998435 0.990957 0.947147 0.700306 -0.0873228 -0.271971 -0.273551 
-0.273551 -0.273551 -0.273551 -0.268188 0.0926866 0.760856 0.863676 0.487379 -0.72945 -0.937242 -0.965814 -0.821209 0.457773 0.973203 0.984343 0.991656 0.997776 0.998071 0.997414 0.994407 0.993578 0.989285 0.979972 0.946548 0.879628 0.289956 -0.261068 -0.273551 
-0.273551 -0.273551 -0.273551 -0.251637 0.436308 0.859314 0.633203 -0.146414 -0.904038 -0.851694 -0.422879 0.855854 0.995901 0.999022 0.999036 0.998482 0.997684 0.982431 0.901841 0.829209 0.894892 0.927537 0.909832 0.934072 0.807961 0.424138 -0.249268 -0.273551 
-0.273551 -0.273551 -0.273551 -0.238191 0.616153 0.714062 0.174752 -0.657514 -0.845116 -0.00273117 0.935575 0.997644 0.998814 0.996535 0.962807 0.641745 -0.507111 -0.926683 -0.97469 -0.927993 -0.574794 0.0847547 0.329311 0.825464 0.598481 0.304943 -0.262403 -0.273551 
-0.273551 -0.273551 -0.273551 -0.226085 0.557115 0.111162 -0.632381 -0.791461 -0.0243048 0.969986 0.998009 0.998337 0.954578 0.579767 -0.529499 -0.955417 -0.984742 -0.990227 -0.966494 -0.853793 -0.540848 -0.759242 -0.675411 0.139575 0.619783 0.226175 -0.261636 -0.273551 
-0.273551 -0.273551 -0.273551 -0.254984 0.0166566 -0.696762 -0.925673 -0.837253 0.665563 0.991992 0.99649 0.965941 0.153647 -0.369747 -0.224874 0.0166371 0.360241 0.485683 0.776636 0.617677 -0.127004 -0.928448 -0.898029 -0.347695 0.614794 0.130716 -0.261515 -0.273551 
-0.273551 -0.273551 -0.273551 -0.282149 -0.490245 -0.947704 -0.985513 -0.945549 0.435222 0.957855 0.927856 0.240238 -0.217121 0.694674 0.93157 0.98835 0.989465 0.986325 0.90975 0.176932 -0.962938 -0.992693 -0.9128 0.0263728 0.404348 -0.0791237 -0.270463 -0.273551 
-0.273551 -0.273551 -0.273551 -0.302459 -0.723264 -0.972327 -0.997728 -0.993252 -0.911632 -0.260853 0.221161 -0.00190149 0.391225 0.836251 0.962063 0.958506 0.863831 0.526893 -0.63504 -0.987561 -0.998426 -0.989047 -0.647062 0.409765 0.1275 -0.2285 -0.273551 -0.273551 
-0.273551 -0.273551 -0.273551 -0.29983 -0.746065 -0.961436 -0.997454 -0.998559 -0.997842 -0.995684 -0.991714 -0.986174 -0.964824 -0.917051 -0.882213 -0.939246 -0.972379 -0.993471 -0.998307 -0.998391 -0.986905 -0.735682 0.21093 0.221662 -0.156361 -0.269691 -0.273551 -0.273551 
-0.273551 -0.273551 -0.273551 -0.277314 -0.481354 -0.876498 -0.987033 -0.996997 -0.997441 -0.997926 -0.998975 -0.999378 -0.999527 -0.999471 -0.999147 -0.998642 -0.998282 -0.998371 -0.994583 -0.960476 -0.539064 0.120672 0.14565 -0.156361 -0.269691 -0.273551 -0.273551 -0.273551 
-0.273551 -0.273551 -0.273551 -0.273551 -0.279192 -0.56234 -0.887517 -0.977641 -0.989261 -0.993385 -0.995501 -0.995121 -0.993304 -0.989519 -0.980936 -0.97394 -0.976148 -0.95992 -0.810642 -0.157101 0.135183 -0.0732452 -0.226745 -0.269691 -0.273551 -0.273551 -0.273551 -0.273551 
-0.273551 -0.273551 -0.273551 -0.273551 -0.273551 -0.286684 -0.358626 -0.592508 -0.847307 -0.945046 -0.958643 -0.945403 -0.914458 -0.836371 -0.702329 -0.669893 -0.714931 -0.578705 -0.245449 -0.0343243 -0.181684 -0.270463 -0.273551 -0.273551 -0.273551 -0.273551 -0.273551 -0.273551 
-0.273551 -0.273551 -0.273551 -0.273551 -0.273551 -0.273551 -0.273551 -0.273551 -0.273551 -0.273551 -0.273551 -0.273551 -0.273551 -0.273551 -0.273551 -0.273551 -0.273551 -0.273551 -0.273551 -0.273551 -0.273551 -0.273551 -0.273551 -0.273551 -0.273551 -0.273551 -0.273551 -0.273551 
-0.273551 -0.273551 -0.273551 -0.273551 -0.273551 -0.273551 -0.273551 -0.273551 -0.273551 -0.273551 -0.273551 -0.273551 -0.273551 -0.273551 -0.273551 -0.273551 -0.273551 -0.273551 -0.273551 -0.273551 -0.273551 -0.273551 -0.273551 -0.273551 -0.273551 -0.273551 -0.273551 -0.273551 
-0.273551 -0.273551 -0.273551 -0.273551 -0.273551 -0.273551 -0.273551 -0.273551 -0.273551 -0.273551 -0.273551 -0.273551 -0.273551 -0.273551 -0.273551 -0.273551 -0.273551 -0.273551 -0.273551 -0.273551 -0.273551 -0.273551 -0.273551 -0.273551 -0.273551 -0.273551 -0.273551 -0.273551 
-0.273551 -0.273551 -0.273551 -0.273551 -0.273551 -0.273551 -0.273551 -0.273551 -0.273551 -0.273551 -0.273551 -0.273551 -0.273551 -0.273551 -0.273551 -0.273551 -0.273551 -0.273551 -0.273551 -0.273551 -0.273551 -0.273551 -0.273551 -0.273551 -0.273551 -0.273551 -0.273551 -0.273551 

0.634603 0.634603 0.634603 0.634603 0.634603 0.634603 0.634603 0.634603 0.634603 0.634603 0.634603 0.634603 0.634603 0.634603 0.634603 0.641584 0.730431 0.847689 0.87861 0.7797 0.442711 0.227765 0.381032 0.574132 0.634603 0.634603 0.634603 0.634603 
0.634603 0.634603 0.634603 0.634603 0.634603 0.634603 0.634603 0.634603 0.634603 0.634603 0.634603 0.634603 0.634603 0.645894 0.717505 0.822474 0.874119 0.846338 0.544249 -0.304547 -0.750618 -0.745338 -0.32293 0.369188 0.634603 0.634603 0.634603 0.634603 
0.634603 0.634603 0.634603 0.634603 0.634603 0.634603 0.634603 0.634603 0.634603 0.634603 0.634603 0.64846 0.71902 0.821292 0.872348 0.849239 0.751798 0.442902 -0.670896 -0.982081 -0.995756 -0.984568 -0.733023 0.141884 0.634603 0.634603 0.634603 0.634603 
0.634603 0.634603 0.634603 0.634603 0.634603 0.634603 0.634603 0.634603 0.634603 0.668465 0.731583 0.82292 0.863956 0.842531 0.725282 0.387767 -0.201559 -0.717155 -0.9675 -0.998743 -0.999556 -0.992712 -0.751452 0.151967 0.634603 0.634603 0.634603 0.634603 
0.634603 0.634603 0.634603 0.634603 0.634603 0.634603 0.634603 0.671709 0.786765 0.863148 0.876595 0.784923 0.629934 0.313957 -0.16999 -0.652167 -0.922151 -0.976836 -0.987393 -0.984611 -0.952796 -0.676144 0.259423 0.5792 0.634603 0.634603 0.634603 0.634603 
0.634603 0.634603 0.634603 0.634603 0.634603 0.634603 0.634603 0.646079 0.678186 0.653416 0.472373 0.306989 -0.0244404 -0.477402 -0.838694 -0.970541 -0.989891 -0.990985 -0.93049 -0.538699 0.210352 0.681659 0.861543 0.777699 0.634603 0.634603 0.634603 0.634603 
0.634603 0.634603 0.634603 0.634603 0.634603 0.634603 0.634603 0.695259 0.821717 0.8328 0.764054 0.66152 -0.0766665 -0.793564 -0.967841 -0.988749 -0.990814 -0.922982 -0.398477 0.436469 0.844437 0.875693 0.773637 0.655701 0.634603 0.634603 0.634603 0.634603 
0.634603 0.634603 0.634603 0.634603 0.634603 0.634603 0.634603 0.715856 0.907689 0.957976 0.962841 0.904472 0.0639862 -0.770252 -0.963904 -0.985822 -0.946159 -0.694021 0.363652 0.831554 0.838895 0.705221 0.634603 0.634603 0.634603 0.634603 0.634603 0.634603 
0.634603 0.634603 0.634603 0.634603 0.634603 0.634603 0.634603 0.743253 0.932224 0.987448 0.994992 0.984049 0.723048 -0.553752 -0.976252 -0.976804 -0.779726 -0.0152339 0.83212 0.819042 0.662515 0.634603 0.634603 0.634603 0.634603 0.634603 0.634603 0.634603 
0.634603 0.634603 0.634603 0.634603 0.634603 0.634603 0.718066 0.845542 0.933256 0.955095 0.898671 0.409891 -0.831907 -0.982364 -0.981684 -0.890502 -0.205825 0.738072 0.820732 0.661387 0.634603 0.634603 0.634603 0.634603 0.634603 0.634603 0.634603 0.634603 
0.634603 0.634603 0.634603 0.634603 0.634603 0.71086 0.838413 0.916228 0.920657 0.709358 -0.124534 -0.846255 -0.987944 -0.977344 -0.843825 -0.302056 0.656577 0.8244 0.677797 0.654228 0.640782 0.624157 0.617933 0.620049 0.629452 0.634603 0.634603 0.634603 
0.634603 0.634603 0.634603 0.634603 0.634603 0.716743 0.894632 0.942166 0.801475 0.0315649 -0.885893 -0.992326 -0.984676 -0.863333 -0.330345 0.706197 0.88247 0.902407 0.886005 0.831314 0.688694 0.392533 0.185179 0.177609 0.440597 0.618321 0.634603 0.634603 
0.634603 0.634603 0.634603 0.634603 0.662727 0.870168 0.972569 0.960382 0.440699 -0.815938 -0.991916 -0.994632 -0.919333 -0.199867 0.845621 0.95069 0.913468 0.796314 0.404152 -0.270494 -0.689648 -0.830757 -0.860175 -0.65615 -0.239111 0.478267 0.633321 0.634603 
0.634603 0.634603 0.634603 0.637233 0.759313 0.944766 0.990625 0.94093 -0.190547 -0.953221 -0.988776 -0.951866 -0.398576 0.739566 0.908506 0.730517 0.571621 0.349385 -0.63451 -0.905677 -0.981904 -0.995611 -0.996352 -0.980801 -0.854442 0.0443154 0.624866 0.634603 
0.634603 0.634603 0.634603 0.643208 0.822672 0.974914 0.987441 0.857225 -0.793034 -0.961296 -0.897785 -0.702935 0.5011 0.481156 0.206553 -0.534746 -0.556181 -0.624891 -0.930394 -0.98354 -0.995628 -0.999326 -0.999883 -0.999322 -0.962902 -0.45391 0.61404 0.634603 
0.634603 0.634603 0.634603 0.647336 0.91775 0.985355 0.956713 0.41387 -0.979178 -0.985839 -0.725111 -0.300032 0.378929 -0.686527 -0.935035 -0.975866 -0.968975 -0.922947 -0.910572 -0.785565 -0.635208 -0.926699 -0.999187 -0.998987 -0.942991 -0.524933 0.608939 0.634603 
0.634603 0.634603 0.634603 0.664188 0.973001 0.993745 0.929414 -0.123052 -0.990912 -0.983524 -0.613628 -0.559144 -0.572007 -0.968102 -0.984674 -0.951412 -0.765892 0.0266206 0.309591 0.703395 0.0302256 -0.824141 -0.997093 -0.996572 -0.824876 0.0918346 0.621138 0.634603 
0.634603 0.634603 0.634603 0.667092 0.978762 0.996722 0.89617 0.0321779 -0.985043 -0.976992 -0.642881 -0.784519 -0.89832 -0.981652 -0.86114 -0.416754 0.626601 0.869223 0.887781 0.843471 0.0126159 -0.916075 -0.987182 -0.954374 -0.158678 0.70131 0.644394 0.634603 
0.634603 0.634603 0.634603 0.674675 0.978928 0.996704 0.93663 0.47839 -0.899349 -0.965586 -0.712034 -0.832602 -0.967821 -0.975881 -0.898384 -0.708119 0.0215849 0.525803 0.332313 0.118337 -0.594746 -0.949113 -0.940862 -0.529084 0.596731 0.770431 0.639377 0.634603 
0.634603 0.634603 0.634603 0.663813 0.964469 0.996552 0.965258 0.65557 -0.186422 -0.78932 -0.683731 -0.861818 -0.967768 -0.986559 -0.98585 -0.977804 -0.978002 -0.975067 -0.970378 -0.958768 -0.954033 -0.906474 -0.56589 0.551728 0.811555 0.689294 0.634603 0.634603 
0.634603 0.634603 0.634603 0.647015 0.885849 0.995086 0.994389 0.965499 0.870374 0.122044 -0.518445 -0.782843 -0.904997 -0.962089 -0.946929 -0.944237 -0.952014 -0.936579 -0.900518 -0.766761 -0.555664 0.125099 0.706322 0.852445 0.769621 0.640563 0.634603 0.634603 
0.634603 0.634603 0.634603 0.636066 0.718148 0.951714 0.991699 0.9916 0.989255 0.969479 0.88796 0.724078 0.441538 0.278254 0.484114 0.673568 0.767944 0.630704 0.446354 0.606042 0.713703 0.864204 0.88363 0.769621 0.640563 0.634603 0.634603 0.634603 
0.634603 0.634603 0.634603 0.634603 0.636796 0.75289 0.929479 0.975349 0.991317 0.995031 0.990406 0.97766 0.956459 0.927132 0.940618 0.968084 0.976973 0.958057 0.899639 0.886296 0.88523 0.827383 0.697095 0.640563 0.634603 0.634603 0.634603 0.634603 
0.634603 0.634603 0.634603 0.634603 0.634603 0.639704 0.671236 0.7684 0.892619 0.948316 0.971574 0.985724 0.989635 0.984734 0.977609 0.972768 0.955869 0.917543 0.848012 0.831506 0.751539 0.639377 0.634603 0.634603 0.634603 0.634603 0.634603 0.634603 
0.634603 0.634603 0.634603 0.634603 0.634603 0.634603 0.634603 0.634603 0.634603 0.634603 0.634603 0.634603 0.634603 0.634603 0.634603 0.634603 0.634603 0.634603 0.634603 0.634603 0.634603 0.634603 0.634603 0.634603 0.634603 0.634603 0.634603 0.634603 
0.634603 0.634603 0.634603 0.634603 0.634603 0.634603 0.634603 0.634603 0.634603 0.634603 0.634603 0.634603 0.634603 0.634603 0.634603 0.634603 0.634603 0.634603 0.634603 0.634603 0.634603 0.634603 0.634603 0.634603 0.634603 0.634603 0.634603 0.634603 
0.634603 0.634603 0.634603 0.634603 0.634603 0.634603 0.634603 0.634603 0.634603 0.634603 0.634603 0.634603 0.634603 0.634603 0.634603 0.634603 0.634603 0.634603 0.634603 0.634603 0.634603 0.634603 0.634603 0.634603 0.634603 0.634603 0.634603 0.634603 
0.634603 0.634603 0.634603 0.634603 0.634603 0.634603 0.634603 0.634603 0.634603 0.634603 0.634603 0.634603 0.634603 0.634603 0.634603 0.634603 0.634603 0.634603 0.634603 0.634603 0.634603 0.634603 0.634603 0.634603 0.634603 0.634603 0.634603 0.634603 

0.956152 0.956152 0.956152 0.956152 0.956152 0.956152 0.956152 0.956152 0.956152 0.956152 0.956152 0.956152 0.956152 0.956152 0.956152 0.95676 0.963059 0.951832 0.815729 0.434866 0.595064 0.910089 0.964159 0.963818 0.956152 0.956152 0.956152 0.956152 
0.956152 0.956152 0.956152 0.956152 0.956152 0.956152 0.956152 0.956152 0.956152 0.956152 0.956152 0.956152 0.956152 0.957135 0.960805 0.95048 0.83935 0.199002 -0.348825 -0.0608857 0.578308 0.92264 0.973111 0.972238 0.956152 0.956152 0.956152 0.956152 
0.956152 0.956152 0.956152 0.956152 0.956152 0.956152 0.956152 0.956152 0.956152 0.956152 0.956152 0.957359 0.960315 0.948836 0.840463 0.285103 -0.500257 -0.780404 -0.814359 -0.186623 0.936739 0.994222 0.989209 0.968393 0.956152 0.956152 0.956152 0.956152 
0.956152 0.956152 0.956152 0.956152 0.956152 0.956152 0.956152 0.956152 0.956152 0.95911 0.956249 0.939107 0.827263 0.310362 -0.457828 -0.726486 -0.860525 -0.896299 -0.498469 0.907171 0.997583 0.998775 0.994579 0.971906 0.956152 0.956152 0.956152 0.956152 
0.956152 0.956152 0.956152 0.956152 0.956152 0.956152 0.956152 0.959395 0.961726 0.91334 0.626637 0.0719083 -0.404933 -0.700118 -0.834348 -0.877138 -0.846136 -0.244571 0.869492 0.984557 0.993596 0.992676 0.985649 0.971934 0.956152 0.956152 0.956152 0.956152 
0.956152 0.956152 0.956152 0.956152 0.956152 0.956152 0.956152 0.954432 0.929884 0.757808 0.535169 0.100416 -0.586932 -0.874479 -0.867076 -0.774104 0.0334826 0.927659 0.98468 0.985593 0.974311 0.956272 0.955235 0.954005 0.956152 0.956152 0.956152 0.956152 
0.956152 0.956152 0.956152 0.956152 0.956152 0.956152 0.956152 0.945435 0.863327 0.634159 0.441404 -0.38285 -0.859304 -0.867884 -0.797181 -0.188048 0.924844 0.990234 0.987644 0.962141 0.942737 0.943196 0.950773 0.955628 0.956152 0.956152 0.956152 0.956152 
0.956152 0.956152 0.956152 0.956152 0.956152 0.956152 0.956152 0.944972 0.888874 0.757659 -0.0152454 -0.878641 -0.935368 -0.884269 -0.484413 0.87844 0.990047 0.992202 0.967822 0.953346 0.947785 0.954261 0.956152 0.956152 0.956152 0.956152 0.956152 0.956152 
0.956152 0.956152 0.956152 0.956152 0.956152 0.956152 0.956152 0.955923 0.912548 0.303612 -0.942966 -0.993584 -0.989055 -0.893144 0.59252 0.989139 0.995046 0.972574 0.959641 0.951357 0.955452 0.956152 0.956152 0.956152 0.956152 0.956152 0.956152 0.956152 
0.956152 0.956152 0.956152 0.956152 0.956152 0.956152 0.963505 0.94938 0.540721 -0.798946 -0.976259 -0.980963 -0.838782 0.610706 0.990277 0.993788 0.982773 0.96692 0.951082 0.955481 0.956152 0.956152 0.956152 0.956152 0.956152 0.956152 0.956152 0.956152 
0.956152 0.956152 0.956152 0.956152 0.956152 0.962861 0.951369 0.531017 -0.804646 -0.957397 -0.961738 -0.800479 0.640831 0.978796 0.99332 0.982594 0.968639 0.96012 0.953206 0.950191 0.948529 0.949958 0.953179 0.956304 0.956901 0.956152 0.956152 0.956152 
0.956152 0.956152 0.956152 0.956152 0.956152 0.958171 0.831813 -0.53809 -0.95575 -0.960281 -0.849032 0.412832 0.977259 0.994835 0.981589 0.969451 0.968185 0.929185 0.735367 0.41549 0.415732 0.450446 0.770091 0.944089 0.970378 0.958453 0.956152 0.956152 
0.956152 0.956152 0.956152 0.956152 0.958607 0.938443 0.0879795 -0.952674 -0.978402 -0.839385 0.17574 0.977222 0.994483 0.984071 0.948094 0.878043 0.734856 0.105808 -0.278644 -0.240158 0.0764026 0.330431 0.744932 0.920418 0.969581 0.969798 0.95634 0.956152 
0.956152 0.956152 0.956152 0.956381 0.965137 0.794479 -0.850036 -0.983987 -0.963751 -0.398493 0.915359 0.994952 0.983 0.866328 0.440184 -0.0526841 -0.435749 -0.785461 -0.809123 -0.615483 -0.264649 0.367148 0.761477 0.958422 0.976072 0.979334 0.957291 0.956152 
0.956152 0.956152 0.956152 0.95672 0.953724 0.0839637 -0.961498 -0.988519 -0.900246 0.632447 0.9801 0.933079 0.283342 -0.121111 -0.515648 -0.621538 -0.748695 -0.801867 -0.754601 -0.402561 0.0701023 0.501548 0.890328 0.994472 0.996067 0.983109 0.957229 0.956152 
0.956152 0.956152 0.956152 0.95568 0.892515 -0.59729 -0.971979 -0.965702 -0.456506 0.898606 0.877762 -0.138161 -0.80615 -0.751967 -0.454399 0.129131 0.449899 0.219949 0.346293 -0.128916 -0.647549 -0.785752 0.696217 0.996687 0.998618 0.985752 0.957086 0.956152 
0.956152 0.956152 0.956152 0.954007 0.76613 -0.832384 -0.976421 -0.947152 0.111309 0.717118 -0.0718464 -0.83288 -0.881909 -0.328612 0.60772 0.844669 0.682169 0.489416 -0.0458784 -0.790495 -0.945026 -0.791487 0.935968 0.997596 0.997296 0.983387 0.957721 0.956152 
0.956152 0.956152 0.956152 0.951404 0.553375 -0.793386 -0.956333 -0.929523 -0.187533 -0.0739387 -0.619394 -0.8558 -0.640416 0.310801 0.459286 0.281198 -0.290862 -0.530345 -0.865341 -0.960245 -0.952114 0.246337 0.991257 0.996286 0.987777 0.971248 0.956376 0.956152 
0.956152 0.956152 0.956152 0.95068 0.487443 -0.541612 -0.9041 -0.87593 -0.65522 -0.674976 -0.693285 -0.809354 -0.667924 -0.0335816 0.081172 -0.354963 -0.707146 -0.881313 -0.959437 -0.936861 0.0232399 0.959692 0.993863 0.988848 0.975401 0.957991 0.956036 0.956152 
0.956152 0.956152 0.956152 0.95267 0.719882 -0.0983162 -0.793956 -0.727358 -0.151735 -0.492425 -0.670379 -0.801851 -0.692217 -0.435293 -0.117875 0.291193 0.126409 -0.0307222 0.236827 0.857544 0.974623 0.991821 0.985894 0.973375 0.963031 0.955319 0.956152 0.956152 
0.956152 0.956152 0.956152 0.954663 0.887818 0.503833 -0.446313 -0.649601 -0.413754 -0.191293 -0.0809436 0.0440668 0.311675 0.541865 0.788886 0.82563 0.815524 0.862872 0.958281 0.97822 0.984299 0.974039 0.961022 0.956166 0.952399 0.956007 0.956152 0.956152 
0.956152 0.956152 0.956152 0.955975 0.94412 0.852992 0.547406 0.0584898 -0.181842 -0.0581544 0.229819 0.451408 0.621685 0.760632 0.815037 0.7726 0.718918 0.863955 0.950708 0.969133 0.948521 0.933472 0.943272 0.952399 0.956007 0.956152 0.956152 0.956152 
0.956152 0.956152 0.956152 0.956152 0.955887 0.9372 0.905843 0.749191 0.402754 0.28763 0.474507 0.680594 0.809496 0.872298 0.873059 0.833079 0.785068 0.8506 0.905171 0.92162 0.939134 0.945532 0.954199 0.956007 0.956152 0.956152 0.956152 0.956152 
0.956152 0.956152 0.956152 0.956152 0.956152 0.955531 0.952737 0.940051 0.913993 0.857409 0.762402 0.680332 0.681195 0.71959 0.775914 0.835301 0.863592 0.894704 0.909809 0.940555 0.952503 0.956036 0.956152 0.956152 0.956152 0.956152 0.956152 0.956152 
0.956152 0.956152 0.956152 0.956152 0.956152 0.956152 0.956152 0.956152 0.956152 0.956152 0.956152 0.956152 0.956152 0.956152 0.956152 0.956152 0.956152 0.956152 0.956152 0.956152 0.956152 0.956152 0.956152 0.956152 0.956152 0.956152 0.956152 0.956152 
0.956152 0.956152 0.956152 0.956152 0.956152 0.956152 0.956152 0.956152 0.956152 0.956152 0.956152 0.956152 0.956152 0.956152 0.956152 0.956152 0.956152 0.956152 0.956152 0.956152 0.956152 0.956152 0.956152 0.956152 0.956152 0.956152 0.956152 0.956152 
0.956152 0.956152 0.956152 0.956152 0.956152 0.956152 0.956152 0.956152 0.956152 0.956152 0.956152 0.956152 0.956152 0.956152 0.956152 0.956152 0.956152 0.956152 0.956152 0.956152 0.956152 0.956152 0.956152 0.956152 0.956152 0.956152 0.956152 0.956152 
0.956152 0.956152 0.956152 0.956152 0.956152 0.956152 0.956152 0.956152 0.956152 0.956152 0.956152 0.956152 0.956152 0.956152 0.956152 0.956152 0.956152 0.956152 0.956152 0.956152 0.956152 0.956152 0.956152 0.956152 0.956152 0.956152 0.956152 0.956152 

0.557847 0.557847 0.557847 0.557847 0.557847 0.557847 0.557847 0.557847 0.557847 0.557847 0.557847 0.557847 0.557847 0.557847 0.557847 0.57687 0.788865 0.960862 0.989884 0.992629 0.986367 0.950111 0.809069 0.609643 0.557847 0.557847 0.557847 0.557847 
0.557847 0.557847 0.557847 0.557847 0.557847 0.557847 0.557847 0.557847 0.557847 0.557847 0.557847 0.557847 0.557847 0.588451 0.765352 0.941255 0.989813 0.998608 0.999778 0.999818 0.998778 0.987928 0.908855 0.649207 0.557847 0.557847 0.557847 0.557847 
0.557847 0.557847 0.557847 0.557847 0.557847 0.557847 0.557847 0.557847 0.557847 0.557847 0.557847 0.595287 0.769727 0.941251 0.989741 0.998382 0.999534 0.999662 0.999556 0.998632 0.979387 0.530143 -0.000128351 0.264363 0.557847 0.557847 0.557847 0.557847 
0.557847 0.557847 0.557847 0.557847 0.557847 0.557847 0.557847 0.557847 0.557847 0.64692 0.803477 0.947552 0.991212 0.998413 0.999574 0.999736 0.999544 0.995624 0.88032 -0.126905 -0.689541 -0.807625 -0.699232 -0.0754313 0.557847 0.557847 0.557847 0.557847 
0.557847 0.557847 0.557847 0.557847 0.557847 0.557847 0.557847 0.655003 0.890461 0.978216 0.996056 0.999289 0.999724 0.999752 0.999707 0.999015 0.963297 -0.171352 -0.916983 -0.988063 -0.995574 -0.99126 -0.798348 0.314678 0.557847 0.557847 0.557847 0.557847 
0.557847 0.557847 0.557847 0.557847 0.557847 0.557847 0.557847 0.607121 0.78377 0.897297 0.97457 0.995043 0.997721 0.997911 0.992371 0.712023 -0.637461 -0.965619 -0.996693 -0.998225 -0.991029 -0.902858 -0.408725 0.302726 0.557847 0.557847 0.557847 0.557847 
0.557847 0.557847 0.557847 0.557847 0.557847 0.557847 0.557847 0.484581 0.214668 0.289601 0.795048 0.910987 0.87195 0.888219 0.26633 -0.829308 -0.978428 -0.99737 -0.997664 -0.985352 -0.789849 -0.269792 0.315634 0.532759 0.557847 0.557847 0.557847 0.557847 
0.557847 0.557847 0.557847 0.557847 0.557847 0.557847 0.557847 0.473445 0.336144 0.586578 0.73815 0.788914 0.835953 0.585149 -0.821663 -0.986668 -0.99503 -0.996479 -0.981189 -0.642604 0.0340354 0.464257 0.557847 0.557847 0.557847 0.557847 0.557847 0.557847 
0.557847 0.557847 0.557847 0.557847 0.557847 0.557847 0.557847 0.672493 0.8659 0.958816 0.960981 0.953349 0.820469 -0.635272 -0.976321 -0.991902 -0.995227 -0.987145 -0.611044 0.155119 0.52418 0.557847 0.557847 0.557847 0.557847 0.557847 0.557847 0.557847 
0.557847 0.557847 0.557847 0.557847 0.557847 0.557847 0.760728 0.955947 0.989991 0.996894 0.997492 0.977426 0.374084 -0.93979 -0.994172 -0.995361 -0.987373 -0.775412 0.154841 0.525617 0.557847 0.557847 0.557847 0.557847 0.557847 0.557847 0.557847 0.557847 
0.557847 0.557847 0.557847 0.557847 0.557847 0.745555 0.957107 0.992236 0.997609 0.998879 0.993284 0.69883 -0.871153 -0.99188 -0.996646 -0.993043 -0.907687 0.106306 0.596532 0.644669 0.65555 0.633957 0.608361 0.583779 0.562698 0.557847 0.557847 0.557847 
0.557847 0.557847 0.557847 0.557847 0.557847 0.782793 0.957746 0.987805 0.996012 0.996122 0.822309 -0.697165 -0.976543 -0.996372 -0.99335 -0.795476 0.499489 0.963371 0.994623 0.99881 0.999333 0.997096 0.983266 0.928425 0.717207 0.572877 0.557847 0.557847 
0.557847 0.557847 0.557847 0.557847 0.632417 0.868687 0.949103 0.981893 0.982874 0.7685 -0.749427 -0.972791 -0.991771 -0.987527 -0.540534 0.776356 0.987579 0.999042 0.999765 0.999928 0.999949 0.999862 0.99834 0.984211 0.887869 0.652352 0.559063 0.557847 
0.557847 0.557847 0.557847 0.565052 0.845184 0.951122 0.961539 0.98434 0.942474 -0.480098 -0.957973 -0.963625 -0.881583 0.387511 0.995254 0.999576 0.999668 0.999705 0.999757 0.999699 0.998958 0.9991 0.99418 0.931116 0.775982 0.661253 0.564591 0.557847 
0.557847 0.557847 0.557847 0.582525 0.899207 0.953409 0.970213 0.989312 0.817086 -0.761679 -0.680554 -0.357631 0.901224 0.998299 0.999782 0.999787 0.999424 0.997311 0.978735 0.947001 0.858992 0.932794 0.927238 0.721678 0.419371 0.127081 0.55479 0.557847 
0.557847 0.557847 0.557847 0.579959 0.809699 0.91755 0.963972 0.983659 0.715057 -0.0335338 0.325166 0.690342 0.990052 0.99575 0.98298 0.677833 -0.521374 -0.906327 -0.917394 -0.899832 -0.879678 -0.813635 -0.61129 -0.72516 -0.763537 -0.475035 0.52397 0.557847 
0.557847 0.557847 0.557847 0.571912 0.654041 0.839541 0.947416 0.96597 0.844779 0.529233 0.671775 0.958172 0.989783 0.79132 -0.43008 -0.905635 -0.983803 -0.980312 -0.960219 -0.884365 -0.893969 -0.881686 -0.862803 -0.965898 -0.970693 -0.502455 0.540581 0.557847 
0.557847 0.557847 0.557847 0.534492 -0.0407191 0.523101 0.82902 0.777912 0.747339 0.52151 0.583291 0.919985 0.969823 0.772165 0.341348 -0.0693826 -0.0216889 0.557086 0.596607 0.255813 -0.557986 -0.778816 -0.961995 -0.992935 -0.979546 -0.192674 0.541739 0.557847 
0.557847 0.557847 0.557847 0.512563 -0.592867 -0.364852 0.303848 -0.0540009 -0.119489 0.0156206 0.290279 0.737616 0.764836 0.595922 0.648761 0.889187 0.979917 0.963017 0.78926 -0.294849 -0.899895 -0.98699 -0.994576 -0.992467 -0.833338 0.228167 0.552357 0.557847 
0.557847 0.557847 0.557847 0.527681 -0.428689 -0.82269 -0.880065 -0.956603 -0.943503 -0.93464 -0.655642 0.0249786 0.12533 -0.187503 -0.260932 0.169724 0.295393 -0.122954 -0.81111 -0.958811 -0.988378 -0.992409 -0.99349 -0.934324 -0.10649 0.481513 0.557847 0.557847 
0.557847 0.557847 0.557847 0.542013 0.0415211 -0.663511 -0.936547 -0.992816 -0.998251 -0.999413 -0.999482 -0.999207 -0.99875 -0.999078 -0.999078 -0.998177 -0.997282 -0.99753 -0.997221 -0.997193 -0.996709 -0.987564 -0.890217 -0.347176 0.33372 0.550976 0.557847 0.557847 
0.557847 0.557847 0.557847 0.555816 0.425947 -0.0676173 -0.585783 -0.944017 -0.996676 -0.999122 -0.999436 -0.999792 -0.999883 -0.999869 -0.999867 -0.999858 -0.999707 -0.998849 -0.997528 -0.992787 -0.962703 -0.756713 -0.304712 0.33372 0.550976 0.557847 0.557847 0.557847 
0.557847 0.557847 0.557847 0.557847 0.554797 0.356329 0.171355 -0.22969 -0.831467 -0.974463 -0.992018 -0.995556 -0.995499 -0.993452 -0.990711 -0.985436 -0.978034 -0.955637 -0.907089 -0.817213 -0.4659 0.116873 0.470942 0.550976 0.557847 0.557847 0.557847 0.557847 
0.557847 0.557847 0.557847 0.557847 0.557847 0.550707 0.521077 0.402234 0.229867 -0.0119971 -0.431344 -0.747296 -0.818194 -0.804492 -0.780931 -0.667 -0.434697 -0.181468 -0.148324 0.0280955 0.379313 0.552357 0.557847 0.557847 0.557847 0.557847 0.557847 0.557847 
0.557847 0.557847 0.557847 0.557847 0.557847 0.557847 0.557847 0.557847 0.557847 0.557847 0.557847 0.557847 0.557847 0.557847 0.557847 0.557847 0.557847 0.557847 0.557847 0.557847 0.557847 0.557847 0.557847 0.557847 0.557847 0.557847 0.557847 0.557847 
0.557847 0.557847 0.557847 0.557847 0.557847 0.557847 0.557847 0.557847 0.557847 0.557847 0.557847 0.557847 0.557847 0.557847 0.557847 0.557847 0.557847 0.557847 0.557847 0.557847 0.557847 0.557847 0.557847 0.557847 0.557847 0.557847 0.557847 0.557847 
0.557847 0.557847 0.557847 0.557847 0.557847 0.557847 0.557847 0.557847 0.557847 0.557847 0.557847 0.557847 0.557847 0.557847 0.557847 0.557847 0.557847 0.557847 0.557847 0.557847 0.557847 0.557847 0.557847 0.557847 0.557847 0.557847 0.557847 0.557847 
0.557847 0.557847 0.557847 0.557847 0.557847 0.557847 0.557847 0.557847 0.557847 0.557847 0.557847 0.557847 0.557847 0.557847 0.557847 0.557847 0.557847 0.557847 0.557847 0.557847 0.557847 0.557847 0.557847 0.557847 0.557847 0.557847 0.557847 0.557847 

0.834187 0.834187 0.834187 0.834187 0.834187 0.834187 0.834187 0.834187 0.834187 0.834187 0.834187 0.834187 0.834187 0.834187 0.834187 0.832113 0.797629 0.68088 0.592131 0.810584 0.967594 0.98605 0.967248 0.895046 0.834187 0.834187 0.834187 0.834187 
0.834187 0.834187 0.834187 0.834187 0.834187 0.834187 0.834187 0.834187 0.834187 0.834187 0.834187 0.834187 0.834187 0.830806 0.801969 0.705253 0.436946 0.190977 0.448654 0.875416 0.990879 0.998407 0.996207 0.95677 0.834187 0.834187 0.834187 0.834187 
0.834187 0.834187 0.834187 0.834187 0.834187 0.834187 0.834187 0.834187 0.834187 0.834187 0.834187 0.830017 0.800552 0.70096 0.477184 0.304687 0.42833 0.582107 0.703005 0.930763 0.995281 0.998627 0.995524 0.953178 0.834187 0.834187 0.834187 0.834187 
0.834187 0.834187 0.834187 0.834187 0.834187 0.834187 0.834187 0.834187 0.834187 0.823584 0.788569 0.696165 0.525216 0.366664 0.429757 0.59103 0.592448 0.518077 0.739976 0.893102 0.9114 0.934689 0.939105 0.887678 0.834187 0.834187 0.834187 0.834187 
0.834187 0.834187 0.834187 0.834187 0.834187 0.834187 0.834187 0.82249 0.757147 0.582646 0.459488 0.53613 0.678221 0.682675 0.578157 0.457433 0.563384 0.690119 0.50764 0.198337 0.302829 0.441942 0.505796 0.776677 0.834187 0.834187 0.834187 0.834187 
0.834187 0.834187 0.834187 0.834187 0.834187 0.834187 0.834187 0.799301 0.594306 0.230896 -0.0977525 -0.110546 -0.0361248 -0.163128 0.0451483 0.236896 0.372926 0.402536 0.314477 0.0936088 -0.0595687 0.35087 0.658559 0.801017 0.834187 0.834187 0.834187 0.834187 
0.834187 0.834187 0.834187 0.834187 0.834187 0.834187 0.834187 0.820432 0.737358 0.408429 -0.53972 -0.877262 -0.926969 -0.873091 -0.585593 -0.00320321 0.430507 0.566683 0.388071 0.183306 0.476562 0.72646 0.808383 0.831243 0.834187 0.834187 0.834187 0.834187 
0.834187 0.834187 0.834187 0.834187 0.834187 0.834187 0.834187 0.808515 0.588827 -0.271049 -0.920053 -0.987332 -0.993361 -0.965286 -0.438919 0.197139 0.682108 0.727939 0.318087 0.605869 0.773436 0.823503 0.834187 0.834187 0.834187 0.834187 0.834187 0.834187 
0.834187 0.834187 0.834187 0.834187 0.834187 0.834187 0.834187 0.80517 0.503505 -0.421855 -0.847249 -0.954471 -0.927212 -0.545334 0.231208 0.686616 0.79949 0.587548 0.608326 0.784902 0.830251 0.834187 0.834187 0.834187 0.834187 0.834187 0.834187 0.834187 
0.834187 0.834187 0.834187 0.834187 0.834187 0.834187 0.805044 0.595977 0.021858 -0.404054 -0.598622 -0.609964 -0.0502552 0.291847 0.465131 0.652906 0.619501 0.650045 0.785469 0.830417 0.834187 0.834187 0.834187 0.834187 0.834187 0.834187 0.834187 0.834187 
0.834187 0.834187 0.834187 0.834187 0.834187 0.808005 0.565441 -0.0665737 -0.423865 -0.510306 -0.306056 0.311423 0.58236 0.60524 0.469967 0.511171 0.571226 0.742773 0.821639 0.82725 0.839319 0.851 0.854126 0.850827 0.840762 0.834187 0.834187 0.834187 
0.834187 0.834187 0.834187 0.834187 0.834187 0.721933 0.143263 -0.621265 -0.879513 -0.730676 0.163735 0.462301 0.706436 0.803707 0.353417 0.310131 0.620768 0.594015 0.558561 0.784758 0.942685 0.978812 0.988148 0.987096 0.954253 0.85395 0.834187 0.834187 
0.834187 0.834187 0.834187 0.834187 0.825482 0.619119 -0.353374 -0.927942 -0.948743 -0.603498 0.122395 0.525925 0.844908 0.713826 0.487266 0.522674 0.417516 0.343415 0.388894 0.685184 0.941012 0.988322 0.996829 0.998656 0.995336 0.938352 0.835853 0.834187 
0.834187 0.834187 0.834187 0.833412 0.756453 0.072455 -0.815529 -0.966205 -0.896992 -0.270498 0.486946 0.596985 0.535353 0.418448 0.492633 0.750202 0.739376 0.713074 0.616238 0.707448 0.894795 0.955844 0.994477 0.999387 0.999244 0.985454 0.844926 0.834187 
0.834187 0.834187 0.834187 0.829639 0.560977 -0.354506 -0.940048 -0.970707 -0.43693 0.267669 0.634595 0.314716 -0.308379 0.457765 0.774503 0.856747 0.756221 0.508002 0.016312 -0.374807 -0.54961 -0.2944 0.868408 0.993441 0.999045 0.991102 0.848121 0.834187 
0.834187 0.834187 0.834187 0.824738 0.37844 -0.734186 -0.986228 -0.966738 -0.0984838 0.487767 0.682962 0.249121 -0.221222 0.765371 0.880702 0.802662 0.293363 -0.65531 -0.909314 -0.977137 -0.985665 -0.950051 0.474817 0.977413 0.99427 0.971254 0.842194 0.834187 
0.834187 0.834187 0.834187 0.821652 0.112959 -0.910663 -0.995416 -0.982379 -0.358105 0.499699 0.711489 0.0840203 -0.124486 0.767083 0.753105 0.210498 -0.700786 -0.922157 -0.983908 -0.992536 -0.988528 -0.917799 0.417437 0.969843 0.948764 0.859668 0.832607 0.834187 
0.834187 0.834187 0.834187 0.818828 0.0718742 -0.944714 -0.99689 -0.995067 -0.790864 0.0766042 -0.00738811 -0.313323 -0.421423 -0.235525 0.0535182 0.0274393 -0.62606 -0.831558 -0.894552 -0.945453 -0.904365 -0.29249 0.6646 0.926577 0.774927 0.75318 0.83126 0.834187 
0.834187 0.834187 0.834187 0.826764 0.427018 -0.903337 -0.995316 -0.998494 -0.978906 -0.607683 -0.694089 -0.605795 -0.710523 -0.510534 0.154307 0.375039 0.589936 0.589171 0.585447 0.277789 0.334349 0.41964 0.6767 0.676901 0.656336 0.787669 0.833536 0.834187 
0.834187 0.834187 0.834187 0.827435 0.603865 -0.697557 -0.971176 -0.998412 -0.998332 -0.986992 -0.976728 -0.921202 -0.773744 -0.376184 0.0875935 0.439788 0.462903 0.347021 0.531394 0.415564 0.0833169 0.0700824 0.388163 0.453135 0.716426 0.824083 0.834187 0.834187 
0.834187 0.834187 0.834187 0.833497 0.76159 -0.00847548 -0.691878 -0.976505 -0.996623 -0.996491 -0.994947 -0.988327 -0.972537 -0.917964 -0.881424 -0.857449 -0.889254 -0.876042 -0.838082 -0.576465 -0.205356 -0.118977 0.318061 0.68664 0.80831 0.833374 0.834187 0.834187 
0.834187 0.834187 0.834187 0.83424 0.834666 0.626496 -0.11445 -0.600612 -0.922938 -0.983108 -0.987876 -0.98212 -0.973976 -0.966015 -0.948504 -0.940463 -0.956414 -0.947141 -0.831908 -0.467319 0.00414766 0.503204 0.720874 0.80831 0.833374 0.834187 0.834187 0.834187 
0.834187 0.834187 0.834187 0.834187 0.834267 0.833437 0.697834 0.416163 -0.146673 -0.646557 -0.856324 -0.929892 -0.938238 -0.903087 -0.853121 -0.778279 -0.649034 -0.449418 -0.0537174 0.326967 0.672063 0.788413 0.824424 0.833374 0.834187 0.834187 0.834187 0.834187 
0.834187 0.834187 0.834187 0.834187 0.834187 0.834373 0.831478 0.818661 0.755988 0.660183 0.570485 0.482796 0.423654 0.485647 0.569048 0.6021 0.646912 0.681392 0.7678 0.782969 0.814495 0.833536 0.834187 0.834187 0.834187 0.834187 0.834187 0.834187 
0.834187 0.834187 0.834187 0.834187 0.834187 0.834187 0.834187 0.834187 0.834187 0.834187 0.834187 0.834187 0.834187 0.834187 0.834187 0.834187 0.834187 0.834187 0.834187 0.834187 0.834187 0.834187 0.834187 0.834187 0.834187 0.834187 0.834187 0.834187 
0.834187 0.834187 0.834187 0.834187 0.834187 0.834187 0.834187 0.834187 0.834187 0.834187 0.834187 0.834187 0.834187 0.834187 0.834187 0.834187 0.834187 0.834187 0.834187 0.834187 0.834187 0.834187 0.834187 0.834187 0.834187 0.834187 0.834187 0.834187 
0.834187 0.834187 0.834187 0.834187 0.834187 0.834187 0.834187 0.834187 0.834187 0.834187 0.834187 0.834187 0.834187 0.834187 0.834187 0.834187 0.834187 0.834187 0.834187 0.834187 0.834187 0.834187 0.834187 0.834187 0.834187 0.834187 0.834187 0.834187 
0.834187 0.834187 0.834187 0.834187 0.834187 0.834187 0.834187 0.834187 0.834187 0.834187 0.834187 0.834187 0.834187 0.834187 0.834187 0.834187 0.834187 0.834187 0.834187 0.834187 0.834187 0.834187 0.834187 0.834187 0.834187 0.834187 0.834187 0.834187 

0.642303 0.642303 0.642303 0.642303 0.642303 0.642303 0.646212 0.708962 0.787901 0.783559 0.713026 0.742644 0.642303 0.642303 
0.642303 0.642303 0.642303 0.642303 0.653518 0.713135 0.784035 0.790251 0.320906 -0.70331 -0.720417 0.498408 0.642303 0.642303 
0.642303 0.642303 0.642303 0.65943 0.725832 0.560238 0.172281 -0.541396 -0.813517 -0.760142 0.186675 0.765529 0.642303 0.642303 
0.642303 0.642303 0.642303 0.641025 0.557458 -0.120347 -0.79557 -0.814652 -0.631784 0.588607 0.765047 0.674373 0.642303 0.642303 
0.642303 0.642303 0.642303 0.732628 0.798734 0.339671 -0.776881 -0.761782 0.552958 0.755086 0.648963 0.642303 0.642303 0.642303 
0.642303 0.642303 0.690008 0.775109 0.098544 -0.781082 -0.762408 0.35004 0.797394 0.748824 0.745945 0.730641 0.681495 0.642303 
0.642303 0.643229 0.758327 0.535861 -0.802373 -0.759053 0.506501 0.810787 0.788363 0.360918 0.0197233 0.166487 0.751986 0.645032 
0.642303 0.648389 0.780498 -0.328918 -0.782192 0.6319 0.645011 -0.153247 -0.635768 -0.813572 -0.813988 -0.762533 0.657557 0.642387 
0.642303 0.647337 0.741259 -0.779244 -0.673822 0.380269 -0.784859 -0.454273 0.0147526 0.0303897 -0.777785 -0.691456 0.75143 0.647266 
0.642303 0.647091 0.615725 -0.789249 -0.7926 -0.717205 -0.785607 -0.237352 -0.0644574 -0.643141 -0.807168 0.179943 0.763619 0.643469 
0.642303 0.645962 0.745906 -0.147899 -0.732993 -0.796475 -0.803314 -0.775487 -0.725227 -0.467092 0.373921 0.777533 0.67374 0.642303 
0.642303 0.642303 0.673727 0.726432 0.714302 0.631552 0.644446 0.752868 0.743949 0.745649 0.737914 0.657269 0.642303 0.642303 
0.642303 0.642303 0.642303 0.642303 0.642303 0.642303 0.642303 0.642303 0.642303 0.642303 0.642303 0.642303 0.642303 0.642303 
0.642303 0.642303 0.642303 0.642303 0.642303 0.642303 0.642303 0.642303 0.642303 0.642303 0.642303 0.642303 0.642303 0.642303 

-0.243285 -0.243285 -0.243285 -0.243285 -0.243285 -0.243285 -0.237495 -0.0228971 0.548397 0.757728 0.738982 0.228265 -0.243285 -0.243285 
-0.243285 -0.243285 -0.243285 -0.243285 -0.225189 0.0113605 0.531011 0.77299 0.79457 0.523784 0.155058 0.0888355 -0.243285 -0.243285 
-0.243285 -0.243285 -0.243285 -0.201661 0.43731 0.773502 0.794635 0.697209 -0.390314 -0.761856 -0.402805 0.129149 -0.243285 -0.243285 
-0.243285 -0.243285 -0.243285 -0.229033 -0.233856 -0.0832077 -0.00854475 -0.659954 -0.74219 -0.306542 0.0411465 -0.209368 -0.243285 -0.243285 
-0.243285 -0.243285 -0.243285 0.0116584 0.434861 0.548101 -0.563495 -0.740147 -0.0157144 0.0250608 -0.238674 -0.243285 -0.243285 -0.243285 
-0.243285 -0.243285 -0.113588 0.70775 0.772099 -0.327191 -0.754194 -0.337875 0.429644 0.391454 0.426645 0.28761 -0.170348 -0.243285 
-0.243285 -0.241957 0.318431 0.687078 -0.474957 -0.73483 0.145769 0.725216 0.785527 0.796091 0.795647 0.784189 0.468754 -0.239801 
-0.243285 -0.229059 0.623245 0.0406053 -0.568499 0.57969 0.796589 0.75612 0.181253 -0.00557986 0.371406 0.6796 0.537986 -0.234496 
-0.243285 -0.226875 0.0364407 -0.663315 0.619596 0.793542 0.368194 -0.384914 -0.251887 -0.0723573 -0.522707 -0.404545 0.428619 -0.237348 
-0.243285 -0.252544 -0.655401 -0.758267 0.0972863 0.383803 0.452688 0.781732 0.728315 -0.101059 -0.760612 -0.250576 0.0982328 -0.24252 
-0.243285 -0.250705 -0.645049 -0.764677 -0.765642 -0.764261 -0.753626 -0.746536 -0.762754 -0.761569 -0.480486 0.149417 -0.212133 -0.243285 
-0.243285 -0.243285 -0.317771 -0.605165 -0.741339 -0.75519 -0.7364 -0.683484 -0.669593 -0.280837 -0.0629927 -0.230705 -0.243285 -0.243285 
-0.243285 -0.243285 -0.243285 -0.243285 -0.243285 -0.243285 -0.243285 -0.243285 -0.243285 -0.243285 -0.243285 -0.243285 -0.243285 -0.243285 
-0.243285 -0.243285 -0.243285 -0.243285 -0.243285 -0.243285 -0.243285 -0.243285 -0.243285 -0.243285 -0.243285 -0.243285 -0.243285 -0.243285 

0.679657 0.679657 0.679657 0.679657 0.679657 0.679657 0.681822 0.729516 0.800504 0.536851 -0.35673 0.272397 0.679657 0.679657 
0.679657 0.679657 0.679657 0.679657 0.686112 0.733072 0.793761 0.732588 0.0203165 -0.878938 -0.904661 -0.464917 0.679657 0.679657 
0.679657 0.679657 0.679657 0.688885 0.755976 0.660465 0.0794699 -0.769141 -0.898462 -0.863639 -0.328818 0.667848 0.679657 0.679657 
0.679657 0.679657 0.679657 0.706002 0.827191 0.799773 -0.565854 -0.900268 -0.873527 0.347188 0.796056 0.709252 0.679657 0.679657 
0.679657 0.679657 0.679657 0.749779 0.857015 0.799092 -0.582253 -0.894635 -0.170429 0.77827 0.684986 0.679657 0.679657 0.679657 
0.679657 0.679657 0.708944 0.83506 0.664907 -0.799041 -0.89378 -0.339322 0.796266 0.766169 0.640962 0.457024 0.636055 0.679657 
0.679657 0.680163 0.792459 0.86228 -0.551731 -0.901672 -0.341905 0.817378 0.697017 -0.523166 -0.868699 -0.868309 -0.274959 0.677534 
0.679657 0.683737 0.846494 0.789555 -0.886823 -0.768333 0.161307 -0.70546 -0.826175 -0.878193 -0.873771 -0.906256 -0.803609 0.670673 
0.679657 0.691409 0.869233 0.494038 -0.90229 -0.764547 -0.861709 -0.84151 0.189657 0.71727 -0.59449 -0.902207 -0.145247 0.678951 
0.679657 0.692751 0.868745 0.764171 -0.797963 -0.828114 -0.899706 -0.87489 -0.522946 -0.541585 -0.860257 -0.543 0.738063 0.680574 
0.679657 0.682315 0.830613 0.869316 0.75129 0.0327256 -0.452698 -0.32772 -0.247997 -0.289396 0.319935 0.78912 0.706902 0.679657 
0.679657 0.679657 0.703065 0.806315 0.858831 0.867752 0.861679 0.861782 0.857054 0.820917 0.774045 0.692596 0.679657 0.679657 
0.679657 0.679657 0.679657 0.679657 0.679657 0.679657 0.679657 0.679657 0.679657 0.679657 0.679657 0.679657 0.679657 0.679657 
0.679657 0.679657 0.679657 0.679657 0.679657 0.679657 0.679657 0.679657 0.679657 0.679657 0.679657 0.679657 0.679657 0.679657 

-0.461339 -0.461339 -0.461339 -0.461339 -0.461339 -0.461339 -0.461439 -0.461298 -0.368694 -0.114651 -0.374555 -0.466259 -0.461339 -0.461339 
-0.461339 -0.461339 -0.461339 -0.461339 -0.461639 -0.459744 -0.379045 0.000579406 0.365996 0.0691074 -0.471677 -0.471354 -0.461339 -0.461339 
-0.461339 -0.461339 -0.461339 -0.461493 -0.434414 -0.176738 0.312393 0.40058 0.00968969 -0.46131 -0.47063 -0.465604 -0.461339 -0.461339 
-0.461339 -0.461339 -0.461339 -0.459119 -0.389707 0.10015 0.421338 0.0689695 -0.468672 -0.46602 -0.457622 -0.460741 -0.461339 -0.461339 
-0.461339 -0.461339 -0.461339 -0.461375 -0.129485 0.457348 0.258506 -0.434724 -0.470675 -0.460625 -0.461268 -0.461339 -0.461339 -0.461339 
-0.461339 -0.461339 -0.462223 -0.231216 0.435126 0.269056 -0.437432 -0.471641 -0.461493 -0.379868 -0.347547 -0.440749 -0.463087 -0.461339 
-0.461339 -0.461362 -0.444164 0.327664 0.38177 -0.380861 -0.461671 -0.283755 0.0419539 0.238365 -0.0723769 -0.415705 -0.468416 -0.461474 
-0.461339 -0.461349 -0.176586 0.45673 -0.0293937 -0.334829 0.170907 0.179209 0.105926 0.113434 0.1035 -0.435973 -0.475293 -0.461543 
-0.461339 -0.460641 0.0324108 0.448724 -0.0797471 0.290577 0.188864 -0.281297 -0.0520073 0.323437 0.297906 -0.471055 -0.472916 -0.461521 
-0.461339 -0.460432 -0.0798036 0.395022 0.242116 0.358999 0.224436 0.00594713 0.182981 0.0958932 -0.368264 -0.473142 -0.464083 -0.461327 
-0.461339 -0.461171 -0.394578 0.0560032 0.101386 -0.0896325 -0.286381 -0.396031 -0.402424 -0.464547 -0.46293 -0.460149 -0.46093 -0.461339 
-0.461339 -0.461339 -0.459328 -0.432854 -0.312835 -0.328538 -0.382982 -0.408453 -0.416632 -0.446277 -0.458153 -0.461127 -0.461339 -0.461339 
-0.461339 -0.461339 -0.461339 -0.461339 -0.461339 -0.461339 -0.461339 -0.461339 -0.461339 -0.461339 -0.461339 -0.461339 -0.461339 -0.461339 
-0.461339 -0.461339 -0.461339 -0.461339 -0.461339 -0.461339 -0.461339 -0.461339 -0.461339 -0.461339 -0.461339 -0.461339 -0.461339 -0.461339 

-0.403713 -0.403713 -0.403713 -0.403713 -0.403713 -0.403713 -0.408606 -0.496653 -0.614772 -0.642996 -0.636331 -0.515937 -0.403713 -0.403713 
-0.403713 -0.403713 -0.403713 -0.403713 -0.417889 -0.505663 -0.610281 -0.643594 -0.64437 -0.483603 -0.00322945 0.0965609 -0.403713 -0.403713 
-0.403713 -0.403713 -0.403713 -0.426911 -0.591835 -0.641066 -0.644453 -0.610583 0.153219 0.632644 0.630429 0.111567 -0.403713 -0.403713 
-0.403713 -0.403713 -0.403713 -0.378143 -0.267408 -0.551032 -0.544084 0.424478 0.640314 0.59778 0.10621 -0.360013 -0.403713 -0.403713 
-0.403713 -0.403713 -0.403713 -0.511743 -0.623445 -0.632448 0.0718646 0.639234 0.614534 -0.0438229 -0.398304 -0.403713 -0.403713 -0.403713 
-0.403713 -0.403713 -0.467669 -0.633097 -0.643727 -0.335301 0.625236 0.618493 -0.126821 -0.551236 -0.558037 -0.533563 -0.432034 -0.403713 
-0.403713 -0.404867 -0.559548 -0.631025 -0.400883 0.602314 0.440363 -0.403595 -0.643432 -0.644906 -0.644763 -0.63458 -0.516033 -0.404988 
-0.403713 -0.411184 -0.595569 -0.634501 -0.141007 0.00347917 -0.631997 -0.605426 -0.109369 -0.0216341 -0.0197134 -0.060612 0.130893 -0.397778 
-0.403713 -0.402224 -0.36199 -0.588162 -0.467492 -0.537576 -0.58851 0.200064 0.266112 0.186872 0.53351 0.619097 0.466519 -0.398351 
-0.403713 -0.391552 0.398685 0.294006 0.361497 -0.0767639 -0.244435 -0.270915 -0.384956 0.238651 0.628922 0.634351 0.043174 -0.402833 
-0.403713 -0.400846 0.0495764 0.579306 0.643259 0.643759 0.643721 0.643654 0.643249 0.642278 0.609569 0.226494 -0.364908 -0.403713 
-0.403713 -0.403713 -0.369241 -0.164947 0.294222 0.540832 0.598374 0.574826 0.452088 0.338401 -0.111942 -0.388577 -0.403713 -0.403713 
-0.403713 -0.403713 -0.403713 -0.403713 -0.403713 -0.403713 -0.403713 -0.403713 -0.403713 -0.403713 -0.403713 -0.403713 -0.403713 -0.403713 
-0.403713 -0.403713 -0.403713 -0.403713 -0.403713 -0.403713 -0.403713 -0.403713 -0.403713 -0.403713 -0.403713 -0.403713 -0.403713 -0.403713 

0.210019 0.210019 0.210019 0.210019 0.210019 0.210019 0.209718 0.19543 0.0981907 0.155073 0.263343 0.252234 0.210019 0.210019 
0.210019 0.210019 0.210019 0.210019 0.209075 0.193225 0.124606 0.0700767 0.0995317 0.203783 0.254391 0.248758 0.210019 0.210019 
0.210019 0.210019 0.210019 0.205865 0.103594 -0.0244481 0.0104392 0.0249751 0.0910342 0.00600428 -0.00126546 0.156461 0.210019 0.210019 
0.210019 0.210019 0.210019 0.206504 0.0385641 -0.386538 -0.420427 -0.173492 0.125876 0.0415205 0.161723 0.207457 0.210019 0.210019 
0.210019 0.210019 0.210019 0.183465 -0.125198 -0.361359 -0.209441 0.0916717 0.14868 0.180647 0.209669 0.210019 0.210019 0.210019 
0.210019 0.210019 0.197652 -0.0956051 -0.32302 -0.0389669 0.15243 0.0554097 0.13701 0.179122 0.234392 0.240407 0.223027 0.210019 
0.210019 0.20995 0.11359 -0.365626 -0.337583 0.0635431 0.135524 0.111682 0.108054 0.125007 0.249151 0.267365 0.261212 0.211125 
0.210019 0.208772 -0.111295 -0.428452 -0.0771798 0.0773761 -0.0331829 0.208047 -0.0137364 -0.297802 -0.342529 0.207999 0.264448 0.211974 
0.210019 0.207533 -0.248265 -0.436488 -0.150082 -0.0535334 -0.0988567 -0.000474282 -0.36704 -0.424848 -0.368863 0.177881 0.210001 0.209618 
0.210019 0.208756 -0.14984 -0.436008 -0.405989 -0.376459 -0.308471 0.000659861 0.0873414 0.0707758 -0.01326 0.106351 0.178428 0.209962 
0.210019 0.209963 0.108136 -0.309521 -0.431146 -0.435243 -0.42592 -0.410333 -0.413507 -0.337091 -0.0806075 0.137477 0.207568 0.210019 
0.210019 0.210019 0.209976 0.158469 -0.0397545 -0.164651 -0.182649 -0.139823 -0.0762689 0.0720578 0.189594 0.209077 0.210019 0.210019 
0.210019 0.210019 0.210019 0.210019 0.210019 0.210019 0.210019 0.210019 0.210019 0.210019 0.210019 0.210019 0.210019 0.210019 
0.210019 0.210019 0.210019 0.210019 0.210019 0.210019 0.210019 0.210019 0.210019 0.210019 0.210019 0.210019 0.210019 0.210019 

0.970052 0.954359 0.778365 0.461485 0.869081 0.990722 0.994242 0.922899 0.479682 0.22988 
0.975812 0.903007 0.0859557 -0.787919 -0.722391 -0.221323 0.219155 -0.124674 -0.57343 -0.44934 
0.871764 0.401139 -0.276145 -0.219405 0.386405 0.0196959 -0.303359 0.0880668 0.795019 0.86291 
0.841835 0.792098 0.717606 0.853686 0.870115 0.653063 0.151007 0.917409 0.999216 0.999939 
0.708405 0.448291 0.752982 0.704199 0.587818 0.899764 0.943434 0.989808 0.999924 0.999996 
-0.462674 -0.506659 0.7041 0.976747 0.980783 0.930071 0.523591 -0.252835 0.80359 0.995229 
-0.859098 -0.975751 -0.7721 0.839305 0.973771 0.931254 0.65035 -0.171994 -0.283742 0.659665 
-0.83225 -0.995828 -0.998396 -0.994488 -0.933743 -0.3782 -0.293214 -0.564368 -0.365939 -0.130787 
-0.684673 -0.96753 -0.995253 -0.999678 -0.999728 -0.998321 -0.998605 -0.994113 -0.852924 0.156944 
0.534449 -0.252264 -0.720577 -0.977098 -0.99657 -0.995553 -0.986594 -0.916876 -0.195568 0.759012 

-0.797721 -0.766171 -0.830862 -0.823186 -0.882651 -0.852037 -0.46534 0.675587 0.948998 0.870675 
-0.754725 -0.842361 -0.856341 -0.910973 -0.867305 -0.47677 0.650855 0.947168 0.913975 0.52797 
-0.832871 -0.88586 -0.930685 -0.97766 -0.899662 0.590909 0.977821 0.925617 0.295957 -0.567666 
-0.87703 -0.809787 -0.967921 -0.989776 -0.492776 0.94564 0.988564 0.780715 -0.429424 -0.759758 
-0.843871 -0.83122 -0.964712 -0.713245 0.892881 0.967088 0.747372 0.231613 0.0777754 -0.214053 
-0.867622 -0.934051 -0.939814 0.664473 0.96992 0.816292 0.392631 0.696681 0.907969 0.923988 
-0.93687 -0.975998 -0.751262 0.874232 0.96884 0.797055 0.33751 0.597865 0.891148 0.986527 
-0.980849 -0.987571 -0.656274 0.800395 0.83145 0.763032 0.640228 0.16884 0.552307 0.974607 
-0.990796 -0.994068 -0.901897 0.247428 0.827688 0.937845 0.796769 0.204774 0.395644 0.798946 
-0.982901 -0.995208 -0.985057 -0.845656 -0.312853 0.227162 0.241211 0.0113286 0.0193295 -0.0451207 

-0.241201 -0.176619 0.604447 0.974408 0.998697 0.999505 0.998419 0.971335 0.456406 -0.473736 
-0.317228 -0.263212 0.612339 0.956229 0.992519 0.938466 -0.102631 -0.940745 -0.964458 -0.914422 
-0.333177 0.267187 0.537115 0.845963 0.86013 -0.221475 -0.973917 -0.993867 -0.983088 -0.946103 
0.29494 0.886646 0.939254 0.850601 -0.377995 -0.945264 -0.975973 -0.758972 0.245243 0.533632 
0.663718 0.923173 0.934616 0.210137 -0.827153 -0.228913 0.970712 0.999676 0.999917 0.998796 
0.536189 0.874162 0.953826 0.739358 0.949506 0.992829 0.998325 0.999406 0.999585 0.998394 
0.645164 0.96898 0.997181 0.997344 0.999352 0.991891 0.914726 0.976994 0.98419 0.96681 
-0.345554 0.798201 0.97882 0.99342 0.998285 0.993259 0.954386 0.837496 -0.00445895 -0.850111 
-0.98765 -0.984532 -0.953476 -0.819921 -0.531798 -0.596092 -0.942452 -0.995702 -0.997912 -0.99411 
-0.993208 -0.99945 -0.999788 -0.999779 -0.999804 -0.999756 -0.999627 -0.999354 -0.99635 -0.955141 

-0.223989 -0.085035 -0.240447 -0.631997 -0.825612 -0.568353 -0.340843 -0.428213 -0.499502 -0.595172 
-0.16599 -0.0547917 -0.565741 -0.877672 -0.582743 0.317641 0.376979 0.0947495 -0.0634094 0.0211446 
-0.088432 -0.575759 -0.869479 -0.572012 0.626941 0.745046 0.528291 0.486638 0.55698 0.518983 
-0.217798 -0.780292 -0.713318 0.684246 0.865206 0.506727 0.362481 0.568683 0.47386 0.342111 
-0.498998 -0.705237 0.631038 0.961717 0.695244 0.150252 0.198787 -0.16089 -0.298137 -0.217009 
-0.892411 -0.39697 0.895092 0.893348 0.421221 0.395259 -0.038647 -0.660525 -0.561242 -0.221376 
-0.949502 -0.530453 0.109268 -0.398777 -0.407812 -0.288601 -0.774105 -0.752622 -0.147081 0.246136 
-0.902578 -0.736675 -0.748349 -0.710841 -0.572852 -0.816068 -0.876385 -0.479071 0.390752 0.380678 
-0.689594 -0.566198 -0.285966 0.11571 -0.146108 -0.573592 -0.399953 0.413414 0.651304 0.380168 
-0.459083 -0.301029 0.280562 0.636673 0.628552 0.611003 0.735122 0.711239 0.487075 0.259785 

-0.622733 -0.500309 -0.37629 -0.282106 -0.142029 -0.184273 -0.191421 0.359675 0.643232 0.242449 
-0.714978 -0.790601 -0.689216 -0.550062 -0.718743 -0.827097 -0.278961 0.605722 0.740624 0.299611 
-0.811045 -0.906465 -0.917346 -0.918063 -0.845636 -0.0626743 0.663917 0.604273 0.0396391 -0.588264 
-0.712742 -0.437656 -0.621712 -0.887601 -0.750403 -0.183185 -0.571799 -0.945106 -0.976258 -0.971201 
-0.694424 -0.798724 -0.969753 -0.982287 -0.799492 -0.0480708 -0.185885 -0.404372 -0.686399 -0.837839 
-0.866023 -0.993162 -0.995588 -0.892193 0.161318 0.484985 0.457408 0.336854 0.0384736 -0.209811 
-0.469811 -0.874459 -0.483008 -0.215881 -0.87375 -0.951542 -0.890196 -0.448957 0.407909 0.809517 
0.294963 0.798171 0.977627 0.925726 0.764775 0.938452 0.944708 0.929849 0.935323 0.959221 
-0.696444 0.0925254 0.881378 0.849845 0.943739 0.977657 0.873247 0.560025 0.672344 0.819461 
-0.833247 -0.822705 -0.639549 -0.607666 -0.539968 -0.462256 -0.455214 0.128493 0.616835 0.452671 

0.377923 0.571116 0.740875 0.933049 0.936935 -0.20079 -0.990552 -0.988494 -0.562683 0.517315 
0.0899001 -0.0755157 0.410196 0.737924 -0.318261 -0.986098 -0.978918 -0.172136 0.384871 -0.0503143 
-0.00732708 0.800812 0.962517 0.561475 -0.957332 -0.97817 -0.114109 0.811746 0.712789 0.611579 
0.848435 0.982293 0.68614 -0.963655 -0.963193 0.711693 0.99413 0.996547 0.996454 0.982052 
0.912142 0.509544 -0.868453 -0.569958 0.992509 0.999655 0.992199 0.95449 0.981564 0.96722 
0.0781259 -0.429486 0.638414 0.997495 0.997593 0.557844 -0.726665 0.0723219 0.818372 0.499155 
-0.833019 -0.194898 0.934709 0.942966 -0.0344393 -0.239433 0.522015 0.476504 -0.38182 -0.798579 
-0.901781 -0.710234 -0.732361 -0.96511 -0.940102 -0.696685 -0.946451 -0.994513 -0.965087 -0.494049 
-0.876888 -0.930645 -0.989995 -0.99536 -0.97596 -0.985282 -0.993425 -0.89247 0.444786 0.614496 
-0.647169 -0.702277 -0.831545 -0.834164 -0.789404 -0.737349 -0.178943 0.762098 0.761429 0.193594 

0.36154 0.855125 0.997342 0.999471 0.530918 -0.999283 -0.999585 -0.944064 -0.145922 -0.0268246 
0.454425 0.991336 0.999709 0.606429 -0.999767 -0.999951 -0.950881 0.574124 0.829428 0.739088 
0.972832 0.99988 0.96079 -0.998864 -0.999843 -0.499693 0.989923 0.996802 0.964418 0.686394 
0.999716 0.997646 -0.990686 -0.998277 0.611407 0.999098 0.999146 0.980947 0.850757 0.47968 
0.998915 -0.541472 -0.975841 0.80561 0.994772 0.968398 0.849537 0.913769 0.534164 -0.726149 
0.80682 -0.679484 0.678732 0.991853 0.811977 0.119525 0.808827 0.146047 -0.988316 -0.988661 
-0.260007 -0.310661 0.622127 -0.0813508 -0.892044 -0.731573 -0.893306 -0.998551 -0.997981 -0.62486 
-0.734834 -0.883578 -0.935946 -0.99008 -0.993477 -0.971657 -0.996103 -0.99671 -0.745017 0.513054 
-0.867977 -0.957461 -0.970215 -0.991379 -0.985518 -0.991049 -0.996295 -0.963617 -0.355844 0.221065 
-0.772375 -0.866526 -0.820522 -0.797096 -0.750454 -0.598308 -0.159078 0.412653 0.535604 0.45669 

0.256664 0.0407847 0.0662763 0.548356 0.856082 0.657204 -0.0994629 0.444338 0.944089 0.960416 
0.106837 -0.186082 -0.330825 0.456198 0.926518 0.890162 0.302268 0.237321 0.736131 0.746559 
0.11623 -0.170365 -0.107878 0.295575 0.543802 0.336388 0.201543 -0.201363 -0.535967 -0.664005 
0.0665629 0.40189 0.575088 0.22232 -0.72195 -0.364384 0.304733 0.627362 0.18315 -0.815796 
0.215127 0.520448 0.792134 0.539273 0.0878692 0.203151 0.499225 0.82032 0.847503 0.240501 
0.25798 0.715784 0.919381 0.471946 -0.167172 -0.794959 -0.865692 0.502619 0.992321 0.994238 
-0.20245 0.918516 0.984455 0.875213 0.236019 -0.239214 0.00369645 0.78109 0.973417 0.991723 
-0.688181 0.420044 0.972426 0.966929 0.964157 0.938497 0.526652 -0.384492 -0.172113 0.779163 
-0.824081 -0.812205 0.178823 0.919088 0.985527 0.977104 0.885275 0.577567 0.58409 0.60187 
-0.672247 -0.893234 -0.906261 -0.530695 0.29958 0.549498 0.759994 0.785023 0.58039 0.197127 

-0.238174 0.0131655 0.664349 0.653621 -0.58998 -0.980415 -0.993345 -0.956818 0.326813 0.931886 
-0.195397 0.39378 0.934664 -0.285953 -0.997547 -0.999363 -0.961713 0.0391177 0.857333 0.843049 
0.0139286 0.822543 0.646438 -0.996022 -0.999945 -0.995385 0.457016 0.860425 0.510925 -0.261828 
0.742702 0.86886 -0.942167 -0.999906 -0.998461 -0.151907 0.876115 0.103442 -0.770925 -0.903477 
0.942625 -0.26857 -0.999623 -0.997274 -0.619935 0.776263 0.428694 -0.74048 -0.890682 -0.924817 
0.897823 -0.991853 -0.999812 -0.842522 -0.000141948 0.213974 0.0676673 -0.872877 -0.982004 -0.930299 
0.706876 -0.997573 -0.993744 -0.0168997 -0.703254 -0.561344 -0.387063 -0.983479 -0.99809 -0.52688 
0.463614 -0.968682 -0.845163 -0.542663 -0.852014 -0.245024 -0.464553 -0.973593 -0.978695 0.752586 
-0.276676 -0.888127 -0.820583 -0.853796 -0.608475 0.420775 -0.501358 -0.897756 -0.430272 0.896702 
-0.695878 -0.899227 -0.923611 -0.913408 -0.69223 -0.507229 -0.770559 -0.623925 0.346464 0.730994 

0.942028 0.890612 0.667734 -0.0633718 -0.769848 -0.913804 -0.508663 0.825772 0.983275 0.981026 
0.915394 0.79975 0.3305 -0.607552 -0.891602 -0.413986 0.905278 0.99219 0.983054 0.935966 
0.860084 0.618546 -0.428195 -0.89695 -0.445236 0.937535 0.992791 0.97749 0.899245 0.845526 
0.757274 0.0701457 -0.825302 -0.582357 0.857223 0.979745 0.85771 0.289877 0.253671 0.455729 
0.319094 -0.476609 -0.672328 0.546455 0.910928 0.0993525 -0.877528 -0.729912 -0.275905 0.0168094 
-0.185111 -0.631512 -0.373973 0.28464 -0.564352 -0.96078 -0.90057 -0.669614 -0.382622 0.200035 
-0.406023 -0.5655 -0.418043 -0.652029 -0.955767 -0.910864 -0.784312 -0.694407 0.0311477 0.865707 
0.0821283 -0.218187 -0.22116 -0.559346 -0.616422 -0.0379607 -0.00136121 0.540484 0.955125 0.987664 
0.710909 0.6115 0.681973 0.72203 0.866775 0.910705 0.930879 0.979806 0.992498 0.983302 
0.940442 0.929208 0.937282 0.95086 0.967582 0.973477 0.981504 0.989202 0.982007 0.944952 

-0.318134 -0.034749 0.10611 0.0534567 0.13507 0.278627 -0.333239 -0.974332 -0.993478 -0.939813 
-0.375907 -0.567833 -0.725927 -0.68187 0.115625 0.614368 -0.500222 -0.916859 -0.852649 -0.725464 
0.0229346 0.0341712 0.448805 0.944874 0.945985 -0.25461 -0.938085 -0.916412 -0.899024 -0.855132 
-0.166527 -0.259275 0.538906 0.696668 -0.72588 -0.948361 -0.529968 0.174784 -0.0802072 -0.204756 
0.0352516 -0.13832 0.268262 -0.356241 -0.52866 0.584972 0.914485 0.690854 -0.477909 -0.506147 
0.631411 0.795189 0.872874 0.701934 0.852345 0.560565 -0.610975 -0.947943 -0.919269 -0.821181 
0.646416 0.809869 0.843031 0.920588 0.830717 0.542088 0.643318 0.837213 0.437956 -0.903681 
0.313955 0.260474 0.353803 0.76409 0.671133 0.727049 0.773067 0.400194 -0.764586 -0.963905 
0.350992 0.133842 -0.272577 -0.727571 -0.955121 -0.980906 -0.9766 -0.962886 -0.900519 -0.749835 
0.201852 0.430438 0.491223 0.607098 0.523023 0.323503 0.0858297 -0.112744 -0.296831 -0.484037 

0.736401 0.912622 0.989962 0.998793 0.999796 0.999655 0.989133 0.0953671 -0.807395 -0.496946 
0.883643 0.975224 0.976093 0.816841 -0.472121 -0.986098 -0.997061 -0.993497 -0.852469 0.654226 
0.934909 0.950517 0.731869 -0.878669 -0.998771 -0.99929 -0.973655 0.501099 0.958153 0.94568 
0.964831 0.971237 0.673363 -0.587597 -0.953738 -0.813382 0.739177 0.996797 0.996199 0.969918 
0.993548 0.931607 -0.574906 -0.988323 -0.963521 0.89304 0.999901 0.99998 0.999908 0.999822 
0.957114 -0.598042 -0.964872 -0.727637 0.992222 0.99999 0.999941 0.988693 0.933709 0.985853 
-0.441268 -0.929081 -0.516015 0.981561 0.999672 0.94793 -0.894646 -0.995614 -0.972135 -0.0679528 
-0.924979 -0.982904 -0.956802 0.536683 0.76843 0.094323 0.167181 0.0253319 -0.301013 -0.32659 
-0.955613 -0.996898 -0.999757 -0.999332 -0.999227 -0.996086 -0.997481 -0.998843 -0.985865 -0.471209 
-0.916472 -0.99359 -0.999018 -0.999403 -0.99978 -0.999894 -0.999887 -0.997192 -0.532513 0.93444 

0.453299 0.689214 0.666806 0.338607 0.190823 0.291785 -0.0410968 -0.100414 -0.0360092 0.49439 
0.52212 0.471061 0.113964 0.50213 0.787203 0.189639 -0.575071 -0.576974 0.227054 0.838895 
-0.0606755 -0.567825 -0.228314 0.816985 0.716 -0.714685 -0.884781 -0.60606 0.405034 0.712041 
0.329797 0.337504 0.931837 0.890244 -0.878977 -0.991103 -0.985832 -0.900058 -0.925192 -0.931346 
0.441578 0.749298 0.932173 -0.845224 -0.996586 -0.974351 -0.698495 -0.82134 -0.981945 -0.986451 
0.266798 0.578335 -0.682099 -0.999313 -0.966873 0.510332 0.665964 0.331574 -0.315234 -0.830871 
0.915701 0.91559 -0.993136 -0.999971 -0.99334 -0.973488 -0.927029 -0.665483 -0.487402 -0.754447 
0.99309 0.990986 -0.692541 -0.665835 0.683961 -0.193587 -0.0133372 0.111746 -0.348659 -0.800692 
0.969706 0.982408 0.767727 0.97843 0.973859 0.874827 0.954927 0.838514 -0.408076 -0.663132 
0.815231 0.646657 -0.0593334 0.126821 0.119183 0.5436 0.802575 0.321155 -0.291214 0.275027 

0.549846 0.586409 -0.509683 -0.955321 -0.991525 -0.969629 -0.120801 0.994773 0.999832 0.999312 
0.857093 0.886857 0.617006 0.0326482 -0.215031 0.32895 0.98841 0.999717 0.999907 0.998462 
0.585887 -0.547143 -0.936394 -0.957792 -0.730853 0.817232 0.99802 0.99877 0.973148 0.869019 
-0.484828 -0.92015 -0.968951 -0.984872 -0.803815 0.64428 0.478427 -0.854548 -0.988243 -0.915226 
-0.599136 -0.511409 -0.795893 -0.987177 -0.810185 -0.854317 -0.996881 -0.999492 -0.999364 -0.994687 
-0.906117 -0.99095 -0.999456 -0.9994 -0.711689 0.0648588 -0.331697 0.188285 0.442606 0.59403 
-0.917888 -0.996861 -0.99981 -0.999012 -0.987697 -0.982005 -0.919626 0.397216 0.984799 0.999346 
0.28484 0.374738 0.451075 -0.606486 -0.915965 -0.975284 -0.8615 0.504441 0.954437 0.997988 
0.544457 0.958751 0.997068 0.999306 0.999938 0.999935 0.998909 0.97935 0.935926 0.949406 
-0.915936 -0.839467 -0.194802 0.868545 0.994713 0.995455 0.980769 0.929655 0.90406 0.741412 

0.741135 0.837284 0.853311 0.683133 0.0856242 -0.388128 -0.191649 0.161599 0.459118 0.161158 
0.830785 0.878177 0.746845 0.136993 -0.448231 -0.496645 -0.366278 -0.122958 -0.193451 -0.0565179 
0.874934 0.766784 0.141154 -0.564796 -0.463715 -0.145145 -0.293261 -0.506369 -0.467454 0.209418 
0.869799 0.577279 -0.118315 -0.57694 -0.337114 -0.0680332 -0.535315 -0.752521 -0.550573 0.0857596 
0.867435 0.347252 -0.370705 -0.632805 -0.343439 -0.429622 -0.443614 -0.24973 -0.206502 -0.193746 
0.793585 0.0473303 -0.546376 -0.659491 -0.684986 -0.490803 -0.270569 -0.1696 -0.47991 -0.434021 
0.69409 0.261009 -0.0947127 -0.757945 -0.905741 -0.85291 -0.730684 -0.833577 -0.765489 -0.492387 
0.615839 0.50087 0.328198 -0.651307 -0.837486 -0.519436 -0.754863 -0.850944 -0.593125 -0.286039 
0.55392 0.356433 0.244855 -0.33128 -0.544821 -0.467431 -0.727098 -0.687746 -0.160725 -0.200796 
0.611027 0.271299 0.103127 -0.314182 -0.298214 -0.469964 -0.475331 -0.186216 -0.0451409 0.0333221 

-0.997295 -0.99975 -0.9986 0.280482 0.967476 -0.234673 -0.899298 -0.91203 -0.973388 -0.998772 
-0.999673 -0.99962 -0.444848 0.996338 0.894238 -0.98864 -0.979341 -0.447484 -0.537266 -0.968566 
-0.999948 -0.921027 0.998675 0.996548 -0.605695 -0.979984 -0.89295 -0.795964 -0.838757 -0.926037 
-0.998936 0.945991 0.969879 -0.972014 -0.903044 -0.21999 -0.796512 -0.836245 -0.929155 -0.988936 
-0.552036 0.986015 -0.981522 -0.999528 -0.752382 -0.467931 -0.585461 0.636109 -0.677733 -0.998913 
0.713824 0.918057 -0.949802 -0.920006 0.473741 -0.625945 0.727988 0.99794 -0.524706 -0.999975 
0.757523 0.893817 0.769286 0.217807 0.596784 0.519488 0.995012 0.999521 -0.410623 -0.999026 
0.675972 0.991573 0.993392 0.67478 0.613847 0.885086 0.994222 0.992991 0.839171 0.0779269 
0.533721 0.99759 0.999705 0.964646 -0.150352 -0.731836 -0.902199 -0.926674 -0.784809 -0.575162 
-0.89171 0.84814 0.998441 0.997681 0.970867 0.766226 -0.389799 -0.865082 -0.876454 -0.850684 

-0.823101 -0.0703422 -0.194864 -0.511727 0.211921 
-0.699088 -0.245831 -0.491041 -0.174454 -0.806631 
0.0471479 -0.736646 -0.77411 -0.557798 -0.822614 
0.871528 0.638923 -0.0887485 0.23298 0.14948 
0.515259 0.873902 0.89554 0.889115 0.153327 

0.738098 0.768886 0.727678 -0.392347 -0.671011 
0.76711 0.814204 0.0411467 -0.72833 0.446812 
0.775017 0.548028 -0.7249 -0.450861 -0.365949 
0.815606 0.00749058 -0.68561 -0.377458 -0.691974 
0.82296 0.641794 -0.362186 -0.256916 -0.234974 

0.460392 -0.80472 -0.888636 -0.244433 0.689216 
-0.312174 -0.808183 0.359249 0.913437 0.505634 
-0.783183 -0.758085 -0.229736 -0.891773 -0.894022 
-0.599444 -0.891666 -0.892933 -0.866796 -0.305442 
0.928811 0.917843 0.867904 0.927319 0.927665 

-0.0566035 0.221417 0.120921 -0.093075 0.0391117 
0.12142 0.0915154 -0.517709 -0.419694 -0.412629 
0.247918 -0.587445 -0.382079 -0.0359049 0.0644179 
0.338061 0.134831 0.186562 0.304528 -0.270689 
0.175967 -0.252536 -0.218693 -0.354512 -0.397647 

-0.600839 -0.430549 -0.42387 0.295926 0.642789 
-0.647526 -0.727596 -0.415898 0.0669679 -0.573049 
-0.72874 -0.793948 0.0820678 0.208813 -0.376437 
0.0661966 0.486954 0.10718 0.307672 0.81523 
-0.520092 0.292709 0.414284 0.462691 0.747041 

0.162079 0.532445 -0.188571 -0.654769 0.00752247 
0.498854 0.22509 -0.51197 0.509912 0.607407 
0.186062 -0.0136911 0.641915 0.235141 0.602041 
-0.585105 -0.0176917 -0.463263 -0.270535 -0.585045 
-0.658307 -0.718306 -0.699544 -0.345921 0.385637 

0.668803 0.808509 -0.718727 -0.694027 0.367486 
0.846968 -0.639719 -0.0435806 0.84666 0.723552 
0.114144 0.397305 0.709484 0.678968 -0.666879 
-0.670593 -0.495514 -0.8563 -0.880535 -0.604477 
-0.844814 -0.855448 -0.830989 -0.572064 0.202883 

-0.0887021 -0.229797 -0.741535 -0.267463 -0.748611 
-0.142472 -0.293237 0.0290077 -0.279758 0.447132 
-0.464796 -0.655621 0.156949 -0.285945 -0.707864 
-0.151612 -0.794773 -0.505195 -0.278392 -0.631104 
0.697122 0.065861 -0.669494 -0.698491 -0.518329 

0.00526814 0.635961 -0.866786 -0.785679 0.808547 
0.731308 -0.687148 -0.821756 0.703906 -0.476354 
0.228245 -0.889972 0.152584 -0.382391 -0.88097 
-0.275328 -0.707676 -0.700726 -0.776326 -0.565032 
-0.768969 -0.861486 -0.46524 -0.774072 0.53213 

-0.0379401 0.0680278 0.175552 0.00596117 -0.0489726 
0.00294785 0.167353 0.00218305 -0.0237911 -0.00193164 
0.110553 0.0857936 0.0955834 0.18156 0.0931946 
0.114893 0.138973 0.160563 0.109429 -0.0146291 
-0.0262337 -0.0295282 -0.0435559 -0.0489092 -0.0496113 

0.177352 0.171354 -0.131902 0.34678 0.431991 
0.0605651 -0.31182 0.138252 0.287606 0.267485 
-0.154417 -0.174724 -0.172541 0.0075787 0.346763 
-0.241206 -0.340629 -0.328081 -0.314649 0.285792 
-0.128564 0.000963832 0.151595 0.258834 0.313365 

-0.571147 -0.603095 -0.120174 0.136204 0.238627 
-0.607587 -0.0134725 0.569218 -0.244359 -0.613004 
-0.406363 0.504717 -0.351078 -0.626017 -0.618461 
0.507697 -0.0324264 -0.481525 0.27113 0.266162 
0.58083 0.596535 0.596246 0.596064 0.162169 

0.593716 0.498005 0.464907 -0.224648 0.478323 
0.125105 0.639029 -0.364018 -0.65415 -0.0810196 
0.576281 -0.299132 -0.485448 -0.023443 -0.612421 
0.811039 -0.650292 -0.270297 -0.274642 -0.478039 
0.771216 0.535442 0.654605 0.711987 -0.171995 

-0.480712 0.270382 0.462892 -0.477689 -0.644679 
0.377127 0.7328 0.115848 -0.245714 0.113311 
0.636669 0.726097 0.538187 0.511242 0.298685 
0.356288 0.513552 0.734096 0.283217 -0.636892 
0.153951 -0.444932 -0.643732 -0.630681 -0.581654 

-0.0375445 -0.0460644 -0.0820129 -0.0748904 -0.0661779 
-0.0394963 -0.0807566 -0.0797308 -0.0902204 -0.0768826 
-0.0496457 -0.0914105 -0.088867 -0.0808995 -0.0826659 
-0.0494865 -0.0813127 -0.100248 -0.100779 -0.0907044 
-0.0522269 -0.0727191 -0.0872221 -0.0901123 -0.0734618 

-0.466963 0.197854 0.33553 -0.350729 -0.388924 
-0.132214 0.536352 -0.262303 -0.364171 -0.420533 
0.545848 -0.44571 -0.0220148 0.507286 -0.344756 
0.687744 0.617657 0.613064 0.746931 0.139443 
0.466644 0.745191 0.370495 -0.325498 -0.326051 

-0.999167 0.995452 -0.980836 0.999969 0.999996 -0.999698 -0.760978 -0.219903 0.99426 0.999305 -0.998607 0.940392 0.549963 0.99984 0.999147 0.999968 1 0.958758 -0.414204 -0.92967 0.368243 0.998863 0.999261 0.996392 0.0253141 -0.999098 0.989394 -0.998901 0.352595 0.987169 0.915896 -0.355054 -0.738779 0.99972 -0.111896 0.999422 -0.314163 -0.999951 0.962504 0.800758 -0.933277 0.976106 0.999365 -0.999644 -0.999997 -0.99993 -0.887256 -0.997449 0.995152 -0.999723 -0.838258 -0.746327 0.995645 -0.999952 1 0.999251 0.286166 0.968432 -0.99982 0.999976 0.999675 -0.999545 0.999842 -0.996544 0.999973 -0.998013 -0.999223 0.999078 0.999984 -0.995597 0.90433 -0.989141 -0.999899 -0.697961 -0.666819 0.998477 0.999056 -0.995992 0.985326 0.962353 -0.521924 -0.975385 0.997178 0.971191 0.715039 0.74356 -0.999597 0.99532 -0.943871 -0.999024 -0.999029 0.114742 0.929967 0.999666 0.987228 -0.646447 0.99997 0.905888 0.999877 0.999664 -0.999997 0.99992 -0.971132 -0.997743 -0.99934 0.930629 0.958853 -0.999997 0.202238 -0.999996 -0.7091 0.724391 -0.945093 0.999989 -0.991478 -0.898911 0.884692 -0.986521 1 0.995744 
0.977323 -0.997451 0.978114 -0.998761 0.996108 -0.999814 -0.999555 -0.99987 -0.998501 -0.998607 -0.987936 0.99946 0.998228 -0.999168 -0.999301 0.999976 -0.995003 0.999969 -0.999789 0.976305 -0.999589 -0.999987 0.997056 0.999962 -0.986986 -0.998717 -0.984056 0.997352 0.998679 0.997462 -0.999409 -0.999818 0.976325 0.998763 -0.994917 -0.932689 -0.999501 0.999963 -0.999698 -0.997417 -0.999994 -0.996727 0.997607 -0.999961 -0.993677 -0.998532 0.9963 0.999794 -0.999674 -0.992225 0.999757 0.997321 -0.994311 -0.999964 0.995607 0.965938 -0.998653 0.999977 0.999137 0.991012 -0.994348 0.996438 -0.999735 -0.99985 -0.997692 -0.994804 -0.997839 -0.999829 -0.993117 0.996524 0.991872 -0.999008 0.988966 0.999528 -0.999781 -0.999725 -0.997921 0.990934 -0.997688 0.998096 0.999982 -0.999703 0.989655 0.995495 
-0.00318258 0.00704591 0.00155799 0.001818 0.00995927 -0.000243761 0.975444 -0.00618497 0.00295148 0.00594873 
